This is pdfTeX, Version 3.141592653-2.6-1.40.25 (TeX Live 2023) (preloaded format=pdflatex 2023.6.29)  25 NOV 2024 16:44
entering extended mode
 restricted \write18 enabled.
 %&-line parsing enabled.
**_main.tex
(./_main.tex
LaTeX2e <2022-11-01> patch level 1
L3 programming layer <2023-02-22>
(/usr/local/texlive/2023/texmf-dist/tex/latex/base/book.cls
Document Class: book 2022/07/02 v1.4n Standard LaTeX document class
(/usr/local/texlive/2023/texmf-dist/tex/latex/base/bk10.clo
File: bk10.clo 2022/07/02 v1.4n Standard LaTeX file (size option)
)
\c@part=\count185
\c@chapter=\count186
\c@section=\count187
\c@subsection=\count188
\c@subsubsection=\count189
\c@paragraph=\count190
\c@subparagraph=\count191
\c@figure=\count192
\c@table=\count193
\abovecaptionskip=\skip48
\belowcaptionskip=\skip49
\bibindent=\dimen140
)
(/usr/local/texlive/2023/texmf-dist/tex/latex/amsmath/amsmath.sty
Package: amsmath 2022/04/08 v2.17n AMS math features
\@mathmargin=\skip50

For additional information on amsmath, use the `?' option.
(/usr/local/texlive/2023/texmf-dist/tex/latex/amsmath/amstext.sty
Package: amstext 2021/08/26 v2.01 AMS text

(/usr/local/texlive/2023/texmf-dist/tex/latex/amsmath/amsgen.sty
File: amsgen.sty 1999/11/30 v2.0 generic functions
\@emptytoks=\toks16
\ex@=\dimen141
))
(/usr/local/texlive/2023/texmf-dist/tex/latex/amsmath/amsbsy.sty
Package: amsbsy 1999/11/29 v1.2d Bold Symbols
\pmbraise@=\dimen142
)
(/usr/local/texlive/2023/texmf-dist/tex/latex/amsmath/amsopn.sty
Package: amsopn 2022/04/08 v2.04 operator names
)
\inf@bad=\count194
LaTeX Info: Redefining \frac on input line 234.
\uproot@=\count195
\leftroot@=\count196
LaTeX Info: Redefining \overline on input line 399.
LaTeX Info: Redefining \colon on input line 410.
\classnum@=\count197
\DOTSCASE@=\count198
LaTeX Info: Redefining \ldots on input line 496.
LaTeX Info: Redefining \dots on input line 499.
LaTeX Info: Redefining \cdots on input line 620.
\Mathstrutbox@=\box51
\strutbox@=\box52
LaTeX Info: Redefining \big on input line 722.
LaTeX Info: Redefining \Big on input line 723.
LaTeX Info: Redefining \bigg on input line 724.
LaTeX Info: Redefining \Bigg on input line 725.
\big@size=\dimen143
LaTeX Font Info:    Redeclaring font encoding OML on input line 743.
LaTeX Font Info:    Redeclaring font encoding OMS on input line 744.
\macc@depth=\count199
LaTeX Info: Redefining \bmod on input line 905.
LaTeX Info: Redefining \pmod on input line 910.
LaTeX Info: Redefining \smash on input line 940.
LaTeX Info: Redefining \relbar on input line 970.
LaTeX Info: Redefining \Relbar on input line 971.
\c@MaxMatrixCols=\count266
\dotsspace@=\muskip16
\c@parentequation=\count267
\dspbrk@lvl=\count268
\tag@help=\toks17
\row@=\count269
\column@=\count270
\maxfields@=\count271
\andhelp@=\toks18
\eqnshift@=\dimen144
\alignsep@=\dimen145
\tagshift@=\dimen146
\tagwidth@=\dimen147
\totwidth@=\dimen148
\lineht@=\dimen149
\@envbody=\toks19
\multlinegap=\skip51
\multlinetaggap=\skip52
\mathdisplay@stack=\toks20
LaTeX Info: Redefining \[ on input line 2953.
LaTeX Info: Redefining \] on input line 2954.
)
(/usr/local/texlive/2023/texmf-dist/tex/latex/amsfonts/amssymb.sty
Package: amssymb 2013/01/14 v3.01 AMS font symbols

(/usr/local/texlive/2023/texmf-dist/tex/latex/amsfonts/amsfonts.sty
Package: amsfonts 2013/01/14 v3.01 Basic AMSFonts support
\symAMSa=\mathgroup4
\symAMSb=\mathgroup5
LaTeX Font Info:    Redeclaring math symbol \hbar on input line 98.
LaTeX Font Info:    Overwriting math alphabet `\mathfrak' in version `bold'
(Font)                  U/euf/m/n --> U/euf/b/n on input line 106.
))
(/usr/local/texlive/2023/texmf-dist/tex/generic/iftex/iftex.sty
Package: iftex 2022/02/03 v1.0f TeX engine tests
)
(/usr/local/texlive/2023/texmf-dist/tex/latex/base/fontenc.sty
Package: fontenc 2021/04/29 v2.0v Standard LaTeX package
)
(/usr/local/texlive/2023/texmf-dist/tex/latex/base/inputenc.sty
Package: inputenc 2021/02/14 v1.3d Input encoding file
\inpenc@prehook=\toks21
\inpenc@posthook=\toks22
)
(/usr/local/texlive/2023/texmf-dist/tex/latex/base/textcomp.sty
Package: textcomp 2020/02/02 v2.0n Standard LaTeX package
)
(/usr/local/texlive/2023/texmf-dist/tex/latex/lm/lmodern.sty
Package: lmodern 2015/05/01 v1.6.1 Latin Modern Fonts
LaTeX Font Info:    Overwriting symbol font `operators' in version `normal'
(Font)                  OT1/cmr/m/n --> OT1/lmr/m/n on input line 22.
LaTeX Font Info:    Overwriting symbol font `letters' in version `normal'
(Font)                  OML/cmm/m/it --> OML/lmm/m/it on input line 23.
LaTeX Font Info:    Overwriting symbol font `symbols' in version `normal'
(Font)                  OMS/cmsy/m/n --> OMS/lmsy/m/n on input line 24.
LaTeX Font Info:    Overwriting symbol font `largesymbols' in version `normal'
(Font)                  OMX/cmex/m/n --> OMX/lmex/m/n on input line 25.
LaTeX Font Info:    Overwriting symbol font `operators' in version `bold'
(Font)                  OT1/cmr/bx/n --> OT1/lmr/bx/n on input line 26.
LaTeX Font Info:    Overwriting symbol font `letters' in version `bold'
(Font)                  OML/cmm/b/it --> OML/lmm/b/it on input line 27.
LaTeX Font Info:    Overwriting symbol font `symbols' in version `bold'
(Font)                  OMS/cmsy/b/n --> OMS/lmsy/b/n on input line 28.
LaTeX Font Info:    Overwriting symbol font `largesymbols' in version `bold'
(Font)                  OMX/cmex/m/n --> OMX/lmex/m/n on input line 29.
LaTeX Font Info:    Overwriting math alphabet `\mathbf' in version `normal'
(Font)                  OT1/cmr/bx/n --> OT1/lmr/bx/n on input line 31.
LaTeX Font Info:    Overwriting math alphabet `\mathsf' in version `normal'
(Font)                  OT1/cmss/m/n --> OT1/lmss/m/n on input line 32.
LaTeX Font Info:    Overwriting math alphabet `\mathit' in version `normal'
(Font)                  OT1/cmr/m/it --> OT1/lmr/m/it on input line 33.
LaTeX Font Info:    Overwriting math alphabet `\mathtt' in version `normal'
(Font)                  OT1/cmtt/m/n --> OT1/lmtt/m/n on input line 34.
LaTeX Font Info:    Overwriting math alphabet `\mathbf' in version `bold'
(Font)                  OT1/cmr/bx/n --> OT1/lmr/bx/n on input line 35.
LaTeX Font Info:    Overwriting math alphabet `\mathsf' in version `bold'
(Font)                  OT1/cmss/bx/n --> OT1/lmss/bx/n on input line 36.
LaTeX Font Info:    Overwriting math alphabet `\mathit' in version `bold'
(Font)                  OT1/cmr/bx/it --> OT1/lmr/bx/it on input line 37.
LaTeX Font Info:    Overwriting math alphabet `\mathtt' in version `bold'
(Font)                  OT1/cmtt/m/n --> OT1/lmtt/m/n on input line 38.
)
(/usr/local/texlive/2023/texmf-dist/tex/latex/upquote/upquote.sty
Package: upquote 2012/04/19 v1.3 upright-quote and grave-accent glyphs in verba
tim
)
(/usr/local/texlive/2023/texmf-dist/tex/latex/microtype/microtype.sty
Package: microtype 2023/03/13 v3.1a Micro-typographical refinements (RS)

(/usr/local/texlive/2023/texmf-dist/tex/latex/graphics/keyval.sty
Package: keyval 2022/05/29 v1.15 key=value parser (DPC)
\KV@toks@=\toks23
)
(/usr/local/texlive/2023/texmf-dist/tex/latex/etoolbox/etoolbox.sty
Package: etoolbox 2020/10/05 v2.5k e-TeX tools for LaTeX (JAW)
\etb@tempcnta=\count272
)
\MT@toks=\toks24
\MT@tempbox=\box53
\MT@count=\count273
LaTeX Info: Redefining \noprotrusionifhmode on input line 1059.
LaTeX Info: Redefining \leftprotrusion on input line 1060.
\MT@prot@toks=\toks25
LaTeX Info: Redefining \rightprotrusion on input line 1078.
LaTeX Info: Redefining \textls on input line 1368.
\MT@outer@kern=\dimen150
LaTeX Info: Redefining \textmicrotypecontext on input line 1988.
\MT@listname@count=\count274

(/usr/local/texlive/2023/texmf-dist/tex/latex/microtype/microtype-pdftex.def
File: microtype-pdftex.def 2023/03/13 v3.1a Definitions specific to pdftex (RS)

LaTeX Info: Redefining \lsstyle on input line 902.
LaTeX Info: Redefining \lslig on input line 902.
\MT@outer@space=\skip53
)
Package microtype Info: Loading configuration file microtype.cfg.

(/usr/local/texlive/2023/texmf-dist/tex/latex/microtype/microtype.cfg
File: microtype.cfg 2023/03/13 v3.1a microtype main configuration file (RS)
))
(/usr/local/texlive/2023/texmf-dist/tex/latex/parskip/parskip.sty
Package: parskip 2021-03-14 v2.0h non-zero parskip adjustments

(/usr/local/texlive/2023/texmf-dist/tex/latex/kvoptions/kvoptions.sty
Package: kvoptions 2022-06-15 v3.15 Key value format for package options (HO)

(/usr/local/texlive/2023/texmf-dist/tex/generic/ltxcmds/ltxcmds.sty
Package: ltxcmds 2020-05-10 v1.25 LaTeX kernel commands for general use (HO)
)
(/usr/local/texlive/2023/texmf-dist/tex/latex/kvsetkeys/kvsetkeys.sty
Package: kvsetkeys 2022-10-05 v1.19 Key value parser (HO)
)))
(/usr/local/texlive/2023/texmf-dist/tex/latex/xcolor/xcolor.sty
Package: xcolor 2022/06/12 v2.14 LaTeX color extensions (UK)

(/usr/local/texlive/2023/texmf-dist/tex/latex/graphics-cfg/color.cfg
File: color.cfg 2016/01/02 v1.6 sample color configuration
)
Package xcolor Info: Driver file: pdftex.def on input line 227.

(/usr/local/texlive/2023/texmf-dist/tex/latex/graphics-def/pdftex.def
File: pdftex.def 2022/09/22 v1.2b Graphics/color driver for pdftex
)
(/usr/local/texlive/2023/texmf-dist/tex/latex/graphics/mathcolor.ltx)
Package xcolor Info: Model `cmy' substituted by `cmy0' on input line 1353.
Package xcolor Info: Model `hsb' substituted by `rgb' on input line 1357.
Package xcolor Info: Model `RGB' extended on input line 1369.
Package xcolor Info: Model `HTML' substituted by `rgb' on input line 1371.
Package xcolor Info: Model `Hsb' substituted by `hsb' on input line 1372.
Package xcolor Info: Model `tHsb' substituted by `hsb' on input line 1373.
Package xcolor Info: Model `HSB' substituted by `hsb' on input line 1374.
Package xcolor Info: Model `Gray' substituted by `gray' on input line 1375.
Package xcolor Info: Model `wave' substituted by `hsb' on input line 1376.
)
(/usr/local/texlive/2023/texmf-dist/tex/latex/fancyvrb/fancyvrb.sty
Package: fancyvrb 2023/01/19 4.5a verbatim text (tvz,hv)
\FV@CodeLineNo=\count275
\FV@InFile=\read2
\FV@TabBox=\box54
\c@FancyVerbLine=\count276
\FV@StepNumber=\count277
\FV@OutFile=\write3
)
(/usr/local/texlive/2023/texmf-dist/tex/latex/framed/framed.sty
Package: framed 2011/10/22 v 0.96: framed or shaded text with page breaks
\OuterFrameSep=\skip54
\fb@frw=\dimen151
\fb@frh=\dimen152
\FrameRule=\dimen153
\FrameSep=\dimen154
)
(/usr/local/texlive/2023/texmf-dist/tex/latex/tools/longtable.sty
Package: longtable 2021-09-01 v4.17 Multi-page Table package (DPC)
\LTleft=\skip55
\LTright=\skip56
\LTpre=\skip57
\LTpost=\skip58
\LTchunksize=\count278
\LTcapwidth=\dimen155
\LT@head=\box55
\LT@firsthead=\box56
\LT@foot=\box57
\LT@lastfoot=\box58
\LT@gbox=\box59
\LT@cols=\count279
\LT@rows=\count280
\c@LT@tables=\count281
\c@LT@chunks=\count282
\LT@p@ftn=\toks26
)
(/usr/local/texlive/2023/texmf-dist/tex/latex/booktabs/booktabs.sty
Package: booktabs 2020/01/12 v1.61803398 Publication quality tables
\heavyrulewidth=\dimen156
\lightrulewidth=\dimen157
\cmidrulewidth=\dimen158
\belowrulesep=\dimen159
\belowbottomsep=\dimen160
\aboverulesep=\dimen161
\abovetopsep=\dimen162
\cmidrulesep=\dimen163
\cmidrulekern=\dimen164
\defaultaddspace=\dimen165
\@cmidla=\count283
\@cmidlb=\count284
\@aboverulesep=\dimen166
\@belowrulesep=\dimen167
\@thisruleclass=\count285
\@lastruleclass=\count286
\@thisrulewidth=\dimen168
)
(/usr/local/texlive/2023/texmf-dist/tex/latex/tools/array.sty
Package: array 2022/09/04 v2.5g Tabular extension package (FMi)
\col@sep=\dimen169
\ar@mcellbox=\box60
\extrarowheight=\dimen170
\NC@list=\toks27
\extratabsurround=\skip59
\backup@length=\skip60
\ar@cellbox=\box61
)
(/usr/local/texlive/2023/texmf-dist/tex/latex/tools/calc.sty
Package: calc 2017/05/25 v4.3 Infix arithmetic (KKT,FJ)
\calc@Acount=\count287
\calc@Bcount=\count288
\calc@Adimen=\dimen171
\calc@Bdimen=\dimen172
\calc@Askip=\skip61
\calc@Bskip=\skip62
LaTeX Info: Redefining \setlength on input line 80.
LaTeX Info: Redefining \addtolength on input line 81.
\calc@Ccount=\count289
\calc@Cskip=\skip63
)
(/usr/local/texlive/2023/texmf-dist/tex/latex/footnotehyper/footnotehyper.sty
Package: footnotehyper 2021/08/13 v1.1e hyperref aware footnote.sty (JFB)
\FNH@notes=\box62
\FNH@width=\dimen173
\FNH@toks=\toks28
)
(/usr/local/texlive/2023/texmf-dist/tex/latex/graphics/graphicx.sty
Package: graphicx 2021/09/16 v1.2d Enhanced LaTeX Graphics (DPC,SPQR)

(/usr/local/texlive/2023/texmf-dist/tex/latex/graphics/graphics.sty
Package: graphics 2022/03/10 v1.4e Standard LaTeX Graphics (DPC,SPQR)

(/usr/local/texlive/2023/texmf-dist/tex/latex/graphics/trig.sty
Package: trig 2021/08/11 v1.11 sin cos tan (DPC)
)
(/usr/local/texlive/2023/texmf-dist/tex/latex/graphics-cfg/graphics.cfg
File: graphics.cfg 2016/06/04 v1.11 sample graphics configuration
)
Package graphics Info: Driver file: pdftex.def on input line 107.
)
\Gin@req@height=\dimen174
\Gin@req@width=\dimen175
)
(/usr/local/texlive/2023/texmf-dist/tex/latex/natbib/natbib.sty
Package: natbib 2010/09/13 8.31b (PWD, AO)
\bibhang=\skip64
\bibsep=\skip65
LaTeX Info: Redefining \cite on input line 694.
\c@NAT@ctr=\count290
)
(/usr/local/texlive/2023/texmf-dist/tex/latex/bookmark/bookmark.sty
Package: bookmark 2020-11-06 v1.29 PDF bookmarks (HO)

(/usr/local/texlive/2023/texmf-dist/tex/latex/hyperref/hyperref.sty
Package: hyperref 2023-02-07 v7.00v Hypertext links for LaTeX

(/usr/local/texlive/2023/texmf-dist/tex/generic/pdftexcmds/pdftexcmds.sty
Package: pdftexcmds 2020-06-27 v0.33 Utility functions of pdfTeX for LuaTeX (HO
)

(/usr/local/texlive/2023/texmf-dist/tex/generic/infwarerr/infwarerr.sty
Package: infwarerr 2019/12/03 v1.5 Providing info/warning/error messages (HO)
)
Package pdftexcmds Info: \pdf@primitive is available.
Package pdftexcmds Info: \pdf@ifprimitive is available.
Package pdftexcmds Info: \pdfdraftmode found.
)
(/usr/local/texlive/2023/texmf-dist/tex/generic/kvdefinekeys/kvdefinekeys.sty
Package: kvdefinekeys 2019-12-19 v1.6 Define keys (HO)
)
(/usr/local/texlive/2023/texmf-dist/tex/generic/pdfescape/pdfescape.sty
Package: pdfescape 2019/12/09 v1.15 Implements pdfTeX's escape features (HO)
)
(/usr/local/texlive/2023/texmf-dist/tex/latex/hycolor/hycolor.sty
Package: hycolor 2020-01-27 v1.10 Color options for hyperref/bookmark (HO)
)
(/usr/local/texlive/2023/texmf-dist/tex/latex/letltxmacro/letltxmacro.sty
Package: letltxmacro 2019/12/03 v1.6 Let assignment for LaTeX macros (HO)
)
(/usr/local/texlive/2023/texmf-dist/tex/latex/auxhook/auxhook.sty
Package: auxhook 2019-12-17 v1.6 Hooks for auxiliary files (HO)
)
(/usr/local/texlive/2023/texmf-dist/tex/latex/hyperref/nameref.sty
Package: nameref 2022-05-17 v2.50 Cross-referencing by name of section

(/usr/local/texlive/2023/texmf-dist/tex/latex/refcount/refcount.sty
Package: refcount 2019/12/15 v3.6 Data extraction from label references (HO)
)
(/usr/local/texlive/2023/texmf-dist/tex/generic/gettitlestring/gettitlestring.s
ty
Package: gettitlestring 2019/12/15 v1.6 Cleanup title references (HO)
)
\c@section@level=\count291
)
\@linkdim=\dimen176
\Hy@linkcounter=\count292
\Hy@pagecounter=\count293
 (/usr/local/texlive/2023/texmf-dist/tex/latex/hyperref/pd1enc.def
File: pd1enc.def 2023-02-07 v7.00v Hyperref: PDFDocEncoding definition (HO)
Now handling font encoding PD1 ...
... no UTF-8 mapping file for font encoding PD1
)
(/usr/local/texlive/2023/texmf-dist/tex/generic/intcalc/intcalc.sty
Package: intcalc 2019/12/15 v1.3 Expandable calculations with integers (HO)
)
(/usr/local/texlive/2023/texmf-dist/tex/generic/etexcmds/etexcmds.sty
Package: etexcmds 2019/12/15 v1.7 Avoid name clashes with e-TeX commands (HO)
)
\Hy@SavedSpaceFactor=\count294

(/usr/local/texlive/2023/texmf-dist/tex/latex/hyperref/puenc.def
File: puenc.def 2023-02-07 v7.00v Hyperref: PDF Unicode definition (HO)
Now handling font encoding PU ...
... no UTF-8 mapping file for font encoding PU
)
Package hyperref Info: Option `unicode' set `true' on input line 4060.
Package hyperref Info: Hyper figures OFF on input line 4177.
Package hyperref Info: Link nesting OFF on input line 4182.
Package hyperref Info: Hyper index ON on input line 4185.
Package hyperref Info: Plain pages OFF on input line 4192.
Package hyperref Info: Backreferencing OFF on input line 4197.
Package hyperref Info: Implicit mode ON; LaTeX internals redefined.
Package hyperref Info: Bookmarks ON on input line 4425.
\c@Hy@tempcnt=\count295

(/usr/local/texlive/2023/texmf-dist/tex/latex/url/url.sty
\Urlmuskip=\muskip17
Package: url 2013/09/16  ver 3.4  Verb mode for urls, etc.
)
LaTeX Info: Redefining \url on input line 4763.
\XeTeXLinkMargin=\dimen177

(/usr/local/texlive/2023/texmf-dist/tex/generic/bitset/bitset.sty
Package: bitset 2019/12/09 v1.3 Handle bit-vector datatype (HO)

(/usr/local/texlive/2023/texmf-dist/tex/generic/bigintcalc/bigintcalc.sty
Package: bigintcalc 2019/12/15 v1.5 Expandable calculations on big integers (HO
)
))
\Fld@menulength=\count296
\Field@Width=\dimen178
\Fld@charsize=\dimen179
Package hyperref Info: Hyper figures OFF on input line 6042.
Package hyperref Info: Link nesting OFF on input line 6047.
Package hyperref Info: Hyper index ON on input line 6050.
Package hyperref Info: backreferencing OFF on input line 6057.
Package hyperref Info: Link coloring OFF on input line 6062.
Package hyperref Info: Link coloring with OCG OFF on input line 6067.
Package hyperref Info: PDF/A mode OFF on input line 6072.

(/usr/local/texlive/2023/texmf-dist/tex/latex/base/atbegshi-ltx.sty
Package: atbegshi-ltx 2021/01/10 v1.0c Emulation of the original atbegshi
package with kernel methods
)
\Hy@abspage=\count297
\c@Item=\count298
\c@Hfootnote=\count299
)
Package hyperref Info: Driver (autodetected): hpdftex.

(/usr/local/texlive/2023/texmf-dist/tex/latex/hyperref/hpdftex.def
File: hpdftex.def 2023-02-07 v7.00v Hyperref driver for pdfTeX

(/usr/local/texlive/2023/texmf-dist/tex/latex/base/atveryend-ltx.sty
Package: atveryend-ltx 2020/08/19 v1.0a Emulation of the original atveryend pac
kage
with kernel methods
)
\Fld@listcount=\count300
\c@bookmark@seq@number=\count301

(/usr/local/texlive/2023/texmf-dist/tex/latex/rerunfilecheck/rerunfilecheck.sty
Package: rerunfilecheck 2022-07-10 v1.10 Rerun checks for auxiliary files (HO)

(/usr/local/texlive/2023/texmf-dist/tex/generic/uniquecounter/uniquecounter.sty
Package: uniquecounter 2019/12/15 v1.4 Provide unlimited unique counter (HO)
)
Package uniquecounter Info: New unique counter `rerunfilecheck' on input line 2
85.
)
\Hy@SectionHShift=\skip66
) (/usr/local/texlive/2023/texmf-dist/tex/latex/bookmark/bkm-pdftex.def
File: bkm-pdftex.def 2020-11-06 v1.29 bookmark driver for pdfTeX (HO)
\BKM@id=\count302
))
(/usr/local/texlive/2023/texmf-dist/tex/latex/xurl/xurl.sty
Package: xurl 2022/01/09 v 0.10 modify URL breaks
)
(/usr/local/texlive/2023/texmf-dist/tex/latex/amscls/amsthm.sty
Package: amsthm 2020/05/29 v2.20.6
\thm@style=\toks29
\thm@bodyfont=\toks30
\thm@headfont=\toks31
\thm@notefont=\toks32
\thm@headpunct=\toks33
\thm@preskip=\skip67
\thm@postskip=\skip68
\thm@headsep=\skip69
\dth@everypar=\toks34
)
\c@theorem=\count303
\c@lemma=\count304
\c@corollary=\count305
\c@proposition=\count306
\c@conjecture=\count307
\c@definition=\count308
\c@example=\count309
\c@exercise=\count310
\c@hypothesis=\count311
LaTeX Font Info:    Trying to load font information for T1+lmr on input line 14
2.

(/usr/local/texlive/2023/texmf-dist/tex/latex/lm/t1lmr.fd
File: t1lmr.fd 2015/05/01 v1.6.1 Font defs for Latin Modern
)
(/usr/local/texlive/2023/texmf-dist/tex/latex/l3backend/l3backend-pdftex.def
File: l3backend-pdftex.def 2023-01-16 L3 backend support: PDF output (pdfTeX)
\l__color_backend_stack_int=\count312
\l__pdf_internal_box=\box63
)
(./_main.aux)
\openout1 = `_main.aux'.

LaTeX Font Info:    Checking defaults for OML/cmm/m/it on input line 142.
LaTeX Font Info:    ... okay on input line 142.
LaTeX Font Info:    Checking defaults for OMS/cmsy/m/n on input line 142.
LaTeX Font Info:    ... okay on input line 142.
LaTeX Font Info:    Checking defaults for OT1/cmr/m/n on input line 142.
LaTeX Font Info:    ... okay on input line 142.
LaTeX Font Info:    Checking defaults for T1/cmr/m/n on input line 142.
LaTeX Font Info:    ... okay on input line 142.
LaTeX Font Info:    Checking defaults for TS1/cmr/m/n on input line 142.
LaTeX Font Info:    ... okay on input line 142.
LaTeX Font Info:    Checking defaults for OMX/cmex/m/n on input line 142.
LaTeX Font Info:    ... okay on input line 142.
LaTeX Font Info:    Checking defaults for U/cmr/m/n on input line 142.
LaTeX Font Info:    ... okay on input line 142.
LaTeX Font Info:    Checking defaults for PD1/pdf/m/n on input line 142.
LaTeX Font Info:    ... okay on input line 142.
LaTeX Font Info:    Checking defaults for PU/pdf/m/n on input line 142.
LaTeX Font Info:    ... okay on input line 142.
LaTeX Info: Redefining \microtypecontext on input line 142.
Package microtype Info: Applying patch `item' on input line 142.
Package microtype Info: Applying patch `toc' on input line 142.
Package microtype Info: Applying patch `eqnum' on input line 142.
Package microtype Info: Applying patch `footnote' on input line 142.
Package microtype Info: Applying patch `verbatim' on input line 142.
Package microtype Info: Generating PDF output.
Package microtype Info: Character protrusion enabled (level 2).
Package microtype Info: Using protrusion set `basicmath'.
Package microtype Info: Automatic font expansion enabled (level 2),
(microtype)             stretch: 20, shrink: 20, step: 1, non-selected.
Package microtype Info: Using default expansion set `alltext-nott'.
LaTeX Info: Redefining \showhyphens on input line 142.
Package microtype Info: No adjustment of tracking.
Package microtype Info: No adjustment of interword spacing.
Package microtype Info: No adjustment of character kerning.

(/usr/local/texlive/2023/texmf-dist/tex/latex/microtype/mt-cmr.cfg
File: mt-cmr.cfg 2013/05/19 v2.2 microtype config. file: Computer Modern Roman 
(RS)
)
(/usr/local/texlive/2023/texmf-dist/tex/context/base/mkii/supp-pdf.mkii
[Loading MPS to PDF converter (version 2006.09.02).]
\scratchcounter=\count313
\scratchdimen=\dimen180
\scratchbox=\box64
\nofMPsegments=\count314
\nofMParguments=\count315
\everyMPshowfont=\toks35
\MPscratchCnt=\count316
\MPscratchDim=\dimen181
\MPnumerator=\count317
\makeMPintoPDFobject=\count318
\everyMPtoPDFconversion=\toks36
) (/usr/local/texlive/2023/texmf-dist/tex/latex/epstopdf-pkg/epstopdf-base.sty
Package: epstopdf-base 2020-01-24 v2.11 Base part for package epstopdf
Package epstopdf-base Info: Redefining graphics rule for `.eps' on input line 4
85.

(/usr/local/texlive/2023/texmf-dist/tex/latex/latexconfig/epstopdf-sys.cfg
File: epstopdf-sys.cfg 2010/07/13 v1.3 Configuration of (r)epstopdf for TeX Liv
e
))
Package hyperref Info: Link coloring OFF on input line 142.
LaTeX Font Info:    Trying to load font information for OT1+lmr on input line 1
44.

(/usr/local/texlive/2023/texmf-dist/tex/latex/lm/ot1lmr.fd
File: ot1lmr.fd 2015/05/01 v1.6.1 Font defs for Latin Modern
)
LaTeX Font Info:    Trying to load font information for OML+lmm on input line 1
44.

(/usr/local/texlive/2023/texmf-dist/tex/latex/lm/omllmm.fd
File: omllmm.fd 2015/05/01 v1.6.1 Font defs for Latin Modern
)
LaTeX Font Info:    Trying to load font information for OMS+lmsy on input line 
144.

(/usr/local/texlive/2023/texmf-dist/tex/latex/lm/omslmsy.fd
File: omslmsy.fd 2015/05/01 v1.6.1 Font defs for Latin Modern
)
LaTeX Font Info:    Trying to load font information for OMX+lmex on input line 
144.

(/usr/local/texlive/2023/texmf-dist/tex/latex/lm/omxlmex.fd
File: omxlmex.fd 2015/05/01 v1.6.1 Font defs for Latin Modern
)
LaTeX Font Info:    External font `lmex10' loaded for size
(Font)              <12> on input line 144.
LaTeX Font Info:    External font `lmex10' loaded for size
(Font)              <8> on input line 144.
LaTeX Font Info:    External font `lmex10' loaded for size
(Font)              <6> on input line 144.
LaTeX Font Info:    Trying to load font information for U+msa on input line 144
.

(/usr/local/texlive/2023/texmf-dist/tex/latex/amsfonts/umsa.fd
File: umsa.fd 2013/01/14 v3.01 AMS symbols A
)
(/usr/local/texlive/2023/texmf-dist/tex/latex/microtype/mt-msa.cfg
File: mt-msa.cfg 2006/02/04 v1.1 microtype config. file: AMS symbols (a) (RS)
)
LaTeX Font Info:    Trying to load font information for U+msb on input line 144
.

(/usr/local/texlive/2023/texmf-dist/tex/latex/amsfonts/umsb.fd
File: umsb.fd 2013/01/14 v3.01 AMS symbols B
)
(/usr/local/texlive/2023/texmf-dist/tex/latex/microtype/mt-msb.cfg
File: mt-msb.cfg 2005/06/01 v1.0 microtype config. file: AMS symbols (b) (RS)
) [1


{/usr/local/texlive/2023/texmf-var/fonts/map/pdftex/updmap/pdftex.map}{/usr/loc
al/texlive/2023/texmf-dist/fonts/enc/dvips/lm/lm-ec.enc}] [2

] (./_main.toc
LaTeX Font Info:    External font `lmex10' loaded for size
(Font)              <10> on input line 2.
LaTeX Font Info:    External font `lmex10' loaded for size
(Font)              <7> on input line 2.
LaTeX Font Info:    External font `lmex10' loaded for size
(Font)              <5> on input line 2.
 [3])
\tf@toc=\write4
\openout4 = `_main.toc'.

 [4]
Chapter 1.
LaTeX Font Info:    Trying to load font information for T1+lmtt on input line 1
55.
(/usr/local/texlive/2023/texmf-dist/tex/latex/lm/t1lmtt.fd
File: t1lmtt.fd 2015/05/01 v1.6.1 Font defs for Latin Modern
)
LaTeX Font Info:    Font shape `T1/lmtt/bx/n' in size <10> not available
(Font)              Font shape `T1/lmtt/b/n' tried instead on input line 177.
 [5

{/usr/local/texlive/2023/texmf-dist/fonts/enc/dvips/lm/lm-mathit.enc}{/usr/loca
l/texlive/2023/texmf-dist/fonts/enc/dvips/lm/lm-rm.enc}]
LaTeX Font Info:    Trying to load font information for TS1+lmr on input line 2
23.

(/usr/local/texlive/2023/texmf-dist/tex/latex/lm/ts1lmr.fd
File: ts1lmr.fd 2015/05/01 v1.6.1 Font defs for Latin Modern
)
Underfull \hbox (badness 8056) in paragraph at lines 225--226
[]\T1/lmr/m/n/10 (+20) To la-bel an un-numbered head-ing, use: \T1/lmtt/m/n/10 
# Hello world
 []


Underfull \hbox (badness 1776) in paragraph at lines 228--229
[]\T1/lmr/m/n/10 (+20) Next, ref-er-ence the la-beled head-ing any-where in the
 text us-ing
 []

[6{/usr/local/texlive/2023/texmf-dist/fonts/enc/dvips/lm/lm-ts1.enc}]
LaTeX Font Info:    Trying to load font information for TS1+lmtt on input line 
246.

(/usr/local/texlive/2023/texmf-dist/tex/latex/lm/ts1lmtt.fd
File: ts1lmtt.fd 2015/05/01 v1.6.1 Font defs for Latin Modern
)

! LaTeX Error: File `_main_files/figure-latex/nice-fig-1' not found.

See the LaTeX manual or LaTeX Companion for explanation.
Type  H <return>  for immediate help.
 ...                                              
                                                  
l.252 ...dth]{_main_files/figure-latex/nice-fig-1}
                                                  
I could not locate the file with any of these extensions:
.pdf,.png,.jpg,.mps,.jpeg,.jbig2,.jb2,.PDF,.PNG,.JPG,.JPEG,.JBIG2,.JB2,.eps
Try typing  <return>  to proceed.
If that doesn't work, type  X <return>  to quit.

[7] [8{/usr/local/texlive/2023/texmf-dist/fonts/enc/dvips/lm/lm-mathex.enc}{/us
r/local/texlive/2023/texmf-dist/fonts/enc/dvips/lm/lm-mathsy.enc}] [9] [10]
Chapter 2.
[11

] [12

]
Chapter 3.
[13] [14] [15] [16] [17] [18]
Chapter 4.
[19

]

! LaTeX Error: Unicode character ∆ (U+2206)
               not set up for use with LaTeX.

See the LaTeX manual or LaTeX Companion for explanation.
Type  H <return>  for immediate help.
 ...                                              
                                                  
l.663     discrete-time with small ∆
                                      t boils down to continuous
You may provide a definition with
\DeclareUnicodeCharacter 


Overfull \hbox (37.05215pt too wide) has occurred while \output is active
\T1/lmr/m/n/10 20 \T1/lmr/m/sl/10 CHAPTER 4.  WHAT TYPES OF THEORETICAL MODELS 
IN ECOLOGY? (ISA)
 []

[20] [21]
Overfull \hbox (37.05215pt too wide) has occurred while \output is active
\T1/lmr/m/n/10 22 \T1/lmr/m/sl/10 CHAPTER 4.  WHAT TYPES OF THEORETICAL MODELS 
IN ECOLOGY? (ISA)
 []

[22]
Overfull \hbox (31.2166pt too wide) has occurred while \output is active
\T1/lmr/m/sl/10 4.4.  SOME CLASSICAL MODELS USED IN ECOLOGY AND SEEN NEXT DAYS 
\T1/lmr/m/n/10 23
 []

[23]
Overfull \hbox (37.05215pt too wide) has occurred while \output is active
\T1/lmr/m/n/10 24 \T1/lmr/m/sl/10 CHAPTER 4.  WHAT TYPES OF THEORETICAL MODELS 
IN ECOLOGY? (ISA)
 []

[24

]
Chapter 5.
[25] [26

]
Chapter 6.
[27] [28]
Chapter 7.
[29

] [30

]
Chapter 8.

Underfull \hbox (badness 10000) in paragraph at lines 989--989
[]\T1/lmr/bx/n/14.4 (+20) DATA-DRIVEN (STA-TIS-TI-CAL) AP-
 []

[31]
Underfull \hbox (badness 10000) in paragraph at lines 1002--1002
[]\T1/lmr/bx/n/14.4 (+20) PROCESS-DRIVEN (MECH-A-NIS-TIC)
 []

[32]
Chapter 9.
[33

]
Overfull \hbox (22.49893pt too wide) in paragraph at lines 1150--1150
[]\T1/lmtt/m/n/10 ##     cross, gradient, hessian, integral, jacobian, laplacia
n, taylor[] 
 []


Overfull \hbox (138.57928pt too wide) has occurred while \output is active
\T1/lmr/m/n/10 34 \T1/lmr/m/sl/10 CHAPTER 9.  INTERACTION NETWORKS, FOOD WEBS, 
AND COMPLEXITY IN ECOLOGY (DAY 4)
 []

[34]

LaTeX Font Warning: Font shape `T1/lmtt/bx/it' in size <10> not available
(Font)              Font shape `T1/lmtt/b/sl' tried instead on input line 1168.



Overfull \hbox (74.99878pt too wide) in paragraph at lines 1196--1196
[]\T1/lmtt/m/n/10 ##   [1]  66  56  50  20  10  16  14  19  48  22  26  24  12 
 56  46  38  33  26[] 
 []


Overfull \hbox (74.99878pt too wide) in paragraph at lines 1196--1196
[]\T1/lmtt/m/n/10 ##  [19]  21  26  22  49  23  28  61  54  30  78  65  29  45 
 16  41  49  34  12[] 
 []


Overfull \hbox (74.99878pt too wide) in paragraph at lines 1196--1196
[]\T1/lmtt/m/n/10 ##  [37]  37  31  78  33  41  78  53  15  12  78  78  24  79 
714  35  24  20  30[] 
 []


Overfull \hbox (74.99878pt too wide) in paragraph at lines 1196--1196
[]\T1/lmtt/m/n/10 ##  [55]  13  37  72  78  15  28  13  56  27  46  44  16  14 
 53  40  23  26  68[] 
 []


Overfull \hbox (74.99878pt too wide) in paragraph at lines 1196--1196
[]\T1/lmtt/m/n/10 ##  [73]  50  61  21  23  27  25  28  32  19  39  27  57  30 
 75  15  41  35  39[] 
 []


Overfull \hbox (74.99878pt too wide) in paragraph at lines 1196--1196
[]\T1/lmtt/m/n/10 ##  [91]  47  21  50  50 106  16  35  24  29  24  25  21  16 
 35   6  27  27  28[] 
 []


Overfull \hbox (74.99878pt too wide) in paragraph at lines 1196--1196
[]\T1/lmtt/m/n/10 ## [109]  27  26  52  24  25  26  27  28  13  24  24  44  69 
 81  39  70  55  18[] 
 []


Overfull \hbox (74.99878pt too wide) in paragraph at lines 1196--1196
[]\T1/lmtt/m/n/10 ## [127]  16  31  17  19  39  32  44  35  65  52  42  32  33 
 40  14  21  14  35[] 
 []


Overfull \hbox (74.99878pt too wide) in paragraph at lines 1196--1196
[]\T1/lmtt/m/n/10 ## [145]  25  33  26  25  14  39  51  29  24  15  14  27  21 
 31  41  18  59  49[] 
 []


Overfull \hbox (74.99878pt too wide) in paragraph at lines 1196--1196
[]\T1/lmtt/m/n/10 ## [163]  45  39  35  37  36  27   9  29  32  13  15   7   8 
  9  36  19  32  22[] 
 []


Overfull \hbox (74.99878pt too wide) in paragraph at lines 1196--1196
[]\T1/lmtt/m/n/10 ## [181]  23   6  20  29  42  57  72  36  31   9  47  89  12 
  9  12  12  19  24[] 
 []


Overfull \hbox (74.99878pt too wide) in paragraph at lines 1196--1196
[]\T1/lmtt/m/n/10 ## [199]  22  23   8  29  22  22  40  30   7  15  26  90  18 
  8  27  43  11  32[] 
 []


Overfull \hbox (74.99878pt too wide) in paragraph at lines 1196--1196
[]\T1/lmtt/m/n/10 ## [217]  37  42  45  38  42  37 106  16  35  24  16  36  37 
 13   9  12   9  12[] 
 []


Overfull \hbox (74.99878pt too wide) in paragraph at lines 1196--1196
[]\T1/lmtt/m/n/10 ## [235]  12  19  24  69  67  55  70  59  24 714  20  22  50 
 56  29  78  25  22[] 
 []


Overfull \hbox (74.99878pt too wide) in paragraph at lines 1196--1196
[]\T1/lmtt/m/n/10 ## [253]  26  61  48  35  65  78  78  39  10  13  32  31  12 
 69  57  78  78  16[] 
 []


Overfull \hbox (74.99878pt too wide) in paragraph at lines 1196--1196
[]\T1/lmtt/m/n/10 ## [271]  15  15  72  20  10  22  31  24  25  31  32  20  56 
 66  17  12  47  30[] 
 []


Overfull \hbox (74.99878pt too wide) in paragraph at lines 1196--1196
[]\T1/lmtt/m/n/10 ## [289]  46  18   8  16  29  50  42  32  31  30  28  56  50 
 14  25  49  51  75[] 
 []


Overfull \hbox (74.99878pt too wide) in paragraph at lines 1196--1196
[]\T1/lmtt/m/n/10 ## [307]  23  28  36  32  19  34  22  39  68  57  13  36  90 
  9   7   7   9  47[] 
 []


Overfull \hbox (74.99878pt too wide) in paragraph at lines 1196--1196
[]\T1/lmtt/m/n/10 ## [325]  89  26  34  23  17  14  43  50  61  53  72  35  31 
  8  13  27  81  53[] 
 []


Overfull \hbox (74.99878pt too wide) in paragraph at lines 1196--1196
[]\T1/lmtt/m/n/10 ## [343]  13  26  30  12  33  41  22  27  28  65  78  37  25 
 39  29  26  14  25[] 
 []


Overfull \hbox (74.99878pt too wide) in paragraph at lines 1196--1196
[]\T1/lmtt/m/n/10 ## [361]  24  21  15  29  19  27  22  49  30  41  35  44  31 
 37  22  24  44  42[] 
 []


LaTeX Warning: File `_main_files/figure-latex/unnamed-chunk-5-1.pdf' not found 
on input line 1206.


! Package pdftex.def Error: File `_main_files/figure-latex/unnamed-chunk-5-1.pd
f' not found: using draft setting.

See the pdftex.def package documentation for explanation.
Type  H <return>  for immediate help.
 ...                                              
                                                  
l.1206 ...iles/figure-latex/unnamed-chunk-5-1.pdf}
                                                  
Try typing  <return>  to proceed.
If that doesn't work, type  X <return>  to quit.


Underfull \vbox (badness 10000) has occurred while \output is active []

 [35]

LaTeX Warning: File `_main_files/figure-latex/unnamed-chunk-6-1.pdf' not found 
on input line 1258.


! Package pdftex.def Error: File `_main_files/figure-latex/unnamed-chunk-6-1.pd
f' not found: using draft setting.

See the pdftex.def package documentation for explanation.
Type  H <return>  for immediate help.
 ...                                              
                                                  
l.1258 ...iles/figure-latex/unnamed-chunk-6-1.pdf}
                                                  
Try typing  <return>  to proceed.
If that doesn't work, type  X <return>  to quit.


Overfull \hbox (138.57928pt too wide) has occurred while \output is active
\T1/lmr/m/n/10 36 \T1/lmr/m/sl/10 CHAPTER 9.  INTERACTION NETWORKS, FOOD WEBS, 
AND COMPLEXITY IN ECOLOGY (DAY 4)
 []

[36]

LaTeX Warning: File `_main_files/figure-latex/unnamed-chunk-6-2.pdf' not found 
on input line 1267.


! Package pdftex.def Error: File `_main_files/figure-latex/unnamed-chunk-6-2.pd
f' not found: using draft setting.

See the pdftex.def package documentation for explanation.
Type  H <return>  for immediate help.
 ...                                              
                                                  
l.1267 ...iles/figure-latex/unnamed-chunk-6-2.pdf}
                                                  
Try typing  <return>  to proceed.
If that doesn't work, type  X <return>  to quit.


LaTeX Warning: File `_main_files/figure-latex/unnamed-chunk-6-3.pdf' not found 
on input line 1275.


! Package pdftex.def Error: File `_main_files/figure-latex/unnamed-chunk-6-3.pd
f' not found: using draft setting.

See the pdftex.def package documentation for explanation.
Type  H <return>  for immediate help.
 ...                                              
                                                  
l.1275 ...iles/figure-latex/unnamed-chunk-6-3.pdf}
                                                  
Try typing  <return>  to proceed.
If that doesn't work, type  X <return>  to quit.


LaTeX Warning: File `_main_files/figure-latex/unnamed-chunk-6-4.pdf' not found 
on input line 1283.


! Package pdftex.def Error: File `_main_files/figure-latex/unnamed-chunk-6-4.pd
f' not found: using draft setting.

See the pdftex.def package documentation for explanation.
Type  H <return>  for immediate help.
 ...                                              
                                                  
l.1283 ...iles/figure-latex/unnamed-chunk-6-4.pdf}
                                                  
Try typing  <return>  to proceed.
If that doesn't work, type  X <return>  to quit.


LaTeX Warning: File `_main_files/figure-latex/unnamed-chunk-7-1.pdf' not found 
on input line 1299.


! Package pdftex.def Error: File `_main_files/figure-latex/unnamed-chunk-7-1.pd
f' not found: using draft setting.

See the pdftex.def package documentation for explanation.
Type  H <return>  for immediate help.
 ...                                              
                                                  
l.1299 ...iles/figure-latex/unnamed-chunk-7-1.pdf}
                                                  
Try typing  <return>  to proceed.
If that doesn't work, type  X <return>  to quit.

[37]
Overfull \hbox (11.99896pt too wide) in paragraph at lines 1349--1349
[]\T1/lmtt/m/n/10 ##  [1,] . . 1 . . . . . . . . . . . . . . . . . . . . . . . 
. . . .[] 
 []


Overfull \hbox (11.99896pt too wide) in paragraph at lines 1349--1349
[]\T1/lmtt/m/n/10 ##  [2,] . . . 1 . 1 . . . . . . . . . . . . . . . . . . . . 
. . . .[] 
 []


Overfull \hbox (11.99896pt too wide) in paragraph at lines 1349--1349
[]\T1/lmtt/m/n/10 ##  [3,] 1 . . . 1 . 1 . . . . . . . . . . . . . . . . . . . 
. . . .[] 
 []


Overfull \hbox (11.99896pt too wide) in paragraph at lines 1349--1349
[]\T1/lmtt/m/n/10 ##  [4,] . 1 . . 1 1 . 1 . . 1 . . . . . . . . . . . . . . . 
. . . .[] 
 []


Overfull \hbox (11.99896pt too wide) in paragraph at lines 1349--1349
[]\T1/lmtt/m/n/10 ##  [5,] . . 1 1 . . 1 1 . . 1 . . . . . . . . . . . . . . . 
. . . .[] 
 []


Overfull \hbox (11.99896pt too wide) in paragraph at lines 1349--1349
[]\T1/lmtt/m/n/10 ##  [6,] . 1 . 1 . . . . . . . . . . . . . . . . . . . . . . 
. . . .[] 
 []


Overfull \hbox (11.99896pt too wide) in paragraph at lines 1349--1349
[]\T1/lmtt/m/n/10 ##  [7,] . . 1 . 1 . . 1 . . 1 . 1 1 1 . . . . . . . . . . . 
. . . .[] 
 []


Overfull \hbox (11.99896pt too wide) in paragraph at lines 1349--1349
[]\T1/lmtt/m/n/10 ##  [8,] . . . 1 1 . 1 . . . 1 . . . . 1 . . . . . . . . . . 
. . . .[] 
 []


Overfull \hbox (11.99896pt too wide) in paragraph at lines 1349--1349
[]\T1/lmtt/m/n/10 ##  [9,] . . . . . . . . . . . 1 . . . . . . . . . . . . . . 
. . . .[] 
 []


Overfull \hbox (11.99896pt too wide) in paragraph at lines 1349--1349
[]\T1/lmtt/m/n/10 ## [10,] . . . . . . . . . . . . . . . . . . . . . . . . . . 
. . . .[] 
 []


Overfull \hbox (11.99896pt too wide) in paragraph at lines 1349--1349
[]\T1/lmtt/m/n/10 ## [11,] . . . 1 1 . 1 1 . . . . 1 . 1 1 . . . . . . . . . . 
. . . .[] 
 []


Overfull \hbox (11.99896pt too wide) in paragraph at lines 1349--1349
[]\T1/lmtt/m/n/10 ## [12,] . . . . . . . . 1 . . . . 1 . . 1 . . . . . . . . . 
. . . .[] 
 []


Overfull \hbox (11.99896pt too wide) in paragraph at lines 1349--1349
[]\T1/lmtt/m/n/10 ## [13,] . . . . . . 1 . . . 1 . . 1 1 . 1 . . . . . . . . . 
. . . .[] 
 []


Overfull \hbox (11.99896pt too wide) in paragraph at lines 1349--1349
[]\T1/lmtt/m/n/10 ## [14,] . . . . . . 1 . . . . 1 1 . 1 . 1 . . . . . . . . . 
. . . .[] 
 []


Overfull \hbox (11.99896pt too wide) in paragraph at lines 1349--1349
[]\T1/lmtt/m/n/10 ## [15,] . . . . . . 1 . . . 1 . 1 1 . . 1 . . . . . . . . . 
. . . .[] 
 []


Overfull \hbox (11.99896pt too wide) in paragraph at lines 1349--1349
[]\T1/lmtt/m/n/10 ## [16,] . . . . . . . 1 . . 1 . . . . . . . . . . . . . . . 
. . . .[] 
 []


Overfull \hbox (11.99896pt too wide) in paragraph at lines 1349--1349
[]\T1/lmtt/m/n/10 ## [17,] . . . . . . . . . . . 1 1 1 1 . . . 1 . . . . . . . 
. . . .[] 
 []


Overfull \hbox (11.99896pt too wide) in paragraph at lines 1349--1349
[]\T1/lmtt/m/n/10 ## [18,] . . . . . . . . . . . . . . . . . . 1 . . . . . . . 
. . . .[] 
 []


Overfull \hbox (11.99896pt too wide) in paragraph at lines 1349--1349
[]\T1/lmtt/m/n/10 ## [19,] . . . . . . . . . . . . . . . . 1 1 . . . . . . . . 
. . . .[] 
 []


Overfull \hbox (11.99896pt too wide) in paragraph at lines 1349--1349
[]\T1/lmtt/m/n/10 ## [20,] . . . . . . . . . . . . . . . . . . . . 1 . . 1 1 . 
. . . .[] 
 []


Overfull \hbox (138.57928pt too wide) has occurred while \output is active
\T1/lmr/m/n/10 38 \T1/lmr/m/sl/10 CHAPTER 9.  INTERACTION NETWORKS, FOOD WEBS, 
AND COMPLEXITY IN ECOLOGY (DAY 4)
 []

[38]
Overfull \hbox (11.99896pt too wide) in paragraph at lines 1349--1349
[]\T1/lmtt/m/n/10 ## [21,] . . . . . . . . . . . . . . . . . . . 1 . . . 1 1 1 
. 1 . .[] 
 []


Overfull \hbox (11.99896pt too wide) in paragraph at lines 1349--1349
[]\T1/lmtt/m/n/10 ## [22,] . . . . . . . . . . . . . . . . . . . . . . 1 . . . 
. . . .[] 
 []


Overfull \hbox (11.99896pt too wide) in paragraph at lines 1349--1349
[]\T1/lmtt/m/n/10 ## [23,] . . . . . . . . . . . . . . . . . . . . . 1 . . . . 
. . . .[] 
 []


Overfull \hbox (11.99896pt too wide) in paragraph at lines 1349--1349
[]\T1/lmtt/m/n/10 ## [24,] . . . . . . . . . . . . . . . . . . . 1 1 . . . 1 1 
1 1 1 .[] 
 []


Overfull \hbox (11.99896pt too wide) in paragraph at lines 1349--1349
[]\T1/lmtt/m/n/10 ## [25,] . . . . . . . . . . . . . . . . . . . 1 1 . . 1 . 1 
1 1 1 .[] 
 []


Overfull \hbox (11.99896pt too wide) in paragraph at lines 1349--1349
[]\T1/lmtt/m/n/10 ## [26,] . . . . . . . . . . . . . . . . . . . . 1 . . 1 1 . 
1 1 1 .[] 
 []


Overfull \hbox (11.99896pt too wide) in paragraph at lines 1349--1349
[]\T1/lmtt/m/n/10 ## [27,] . . . . . . . . . . . . . . . . . . . . . . . 1 1 1 
. 1 . .[] 
 []


Overfull \hbox (11.99896pt too wide) in paragraph at lines 1349--1349
[]\T1/lmtt/m/n/10 ## [28,] . . . . . . . . . . . . . . . . . . . . 1 . . 1 1 1 
1 . 1 .[] 
 []


Overfull \hbox (11.99896pt too wide) in paragraph at lines 1349--1349
[]\T1/lmtt/m/n/10 ## [29,] . . . . . . . . . . . . . . . . . . . . . . . 1 1 1 
. 1 . .[] 
 []


Overfull \hbox (11.99896pt too wide) in paragraph at lines 1349--1349
[]\T1/lmtt/m/n/10 ## [30,] . . . . . . . . . . . . . . . . . . . . . . . . . . 
. . . .[] 
 []


Overfull \hbox (11.99896pt too wide) in paragraph at lines 1397--1397
[]\T1/lmtt/m/n/10 ##  [1,] . . 0 . . . . . . . . . . . . . . . . . . . . . . . 
. . . .[] 
 []


Overfull \hbox (11.99896pt too wide) in paragraph at lines 1397--1397
[]\T1/lmtt/m/n/10 ##  [2,] . . . 3 . 3 . . . . . . . . . . . . . . . . . . . . 
. . . .[] 
 []


Overfull \hbox (11.99896pt too wide) in paragraph at lines 1397--1397
[]\T1/lmtt/m/n/10 ##  [3,] 0 . . . 3 . 3 . . . . . . . . . . . . . . . . . . . 
. . . .[] 
 []


Overfull \hbox (11.99896pt too wide) in paragraph at lines 1397--1397
[]\T1/lmtt/m/n/10 ##  [4,] . 3 . . 4 2 . 8 . . 1 . . . . . . . . . . . . . . . 
. . . .[] 
 []


Overfull \hbox (11.99896pt too wide) in paragraph at lines 1397--1397
[]\T1/lmtt/m/n/10 ##  [5,] . . 3 4 . . 1 2 . . 2 . . . . . . . . . . . . . . . 
. . . .[] 
 []


Overfull \hbox (11.99896pt too wide) in paragraph at lines 1397--1397
[]\T1/lmtt/m/n/10 ##  [6,] . 3 . 2 . . . . . . . . . . . . . . . . . . . . . . 
. . . .[] 
 []


Overfull \hbox (11.99896pt too wide) in paragraph at lines 1397--1397
[]\T1/lmtt/m/n/10 ##  [7,] . . 3 . 1 . . 1 . . 0 . 0 5 0 . . . . . . . . . . . 
. . . .[] 
 []


Overfull \hbox (11.99896pt too wide) in paragraph at lines 1397--1397
[]\T1/lmtt/m/n/10 ##  [8,] . . . 8 2 . 1 . . . 1 . . . . 1 . . . . . . . . . . 
. . . .[] 
 []


Overfull \hbox (11.99896pt too wide) in paragraph at lines 1397--1397
[]\T1/lmtt/m/n/10 ##  [9,] . . . . . . . . . . . 2 . . . . . . . . . . . . . . 
. . . .[] 
 []


Overfull \hbox (11.99896pt too wide) in paragraph at lines 1397--1397
[]\T1/lmtt/m/n/10 ## [10,] . . . . . . . . . . . . . . . . . . . . . . . . . . 
. . . .[] 
 []


Overfull \hbox (11.99896pt too wide) in paragraph at lines 1397--1397
[]\T1/lmtt/m/n/10 ## [11,] . . . 1 2 . 0 1 . . . . 2 . 0 3 . . . . . . . . . . 
. . . .[] 
 []


Overfull \hbox (11.99896pt too wide) in paragraph at lines 1397--1397
[]\T1/lmtt/m/n/10 ## [12,] . . . . . . . . 2 . . . . 3 . . 1 . . . . . . . . . 
. . . .[] 
 []


Overfull \hbox (11.99896pt too wide) in paragraph at lines 1397--1397
[]\T1/lmtt/m/n/10 ## [13,] . . . . . . 0 . . . 2 . . 0 3 . 0 . . . . . . . . . 
. . . .[] 
 []


Overfull \hbox (11.99896pt too wide) in paragraph at lines 1397--1397
[]\T1/lmtt/m/n/10 ## [14,] . . . . . . 5 . . . . 3 0 . 3 . 0 . . . . . . . . . 
. . . .[] 
 []


Overfull \hbox (11.99896pt too wide) in paragraph at lines 1397--1397
[]\T1/lmtt/m/n/10 ## [15,] . . . . . . 0 . . . 0 . 3 3 . . 1 . . . . . . . . . 
. . . .[] 
 []


Overfull \hbox (11.99896pt too wide) in paragraph at lines 1397--1397
[]\T1/lmtt/m/n/10 ## [16,] . . . . . . . 1 . . 3 . . . . . . . . . . . . . . . 
. . . .[] 
 []


Overfull \hbox (11.99896pt too wide) in paragraph at lines 1397--1397
[]\T1/lmtt/m/n/10 ## [17,] . . . . . . . . . . . 1 0 0 1 . . . 1 . . . . . . . 
. . . .[] 
 []


Overfull \hbox (11.99896pt too wide) in paragraph at lines 1397--1397
[]\T1/lmtt/m/n/10 ## [18,] . . . . . . . . . . . . . . . . . . 2 . . . . . . . 
. . . .[] 
 []


Overfull \hbox (11.99896pt too wide) in paragraph at lines 1397--1397
[]\T1/lmtt/m/n/10 ## [19,] . . . . . . . . . . . . . . . . 1 2 . . . . . . . . 
. . . .[] 
 []


Overfull \hbox (11.99896pt too wide) in paragraph at lines 1397--1397
[]\T1/lmtt/m/n/10 ## [20,] . . . . . . . . . . . . . . . . . . . . 1 . . 5 1 . 
. . . .[] 
 []


Overfull \hbox (11.99896pt too wide) in paragraph at lines 1397--1397
[]\T1/lmtt/m/n/10 ## [21,] . . . . . . . . . . . . . . . . . . . 1 . . . 3 1 2 
. 1 . .[] 
 []


Overfull \hbox (11.99896pt too wide) in paragraph at lines 1397--1397
[]\T1/lmtt/m/n/10 ## [22,] . . . . . . . . . . . . . . . . . . . . . . 2 . . . 
. . . .[] 
 []


Overfull \hbox (11.99896pt too wide) in paragraph at lines 1397--1397
[]\T1/lmtt/m/n/10 ## [23,] . . . . . . . . . . . . . . . . . . . . . 2 . . . . 
. . . .[] 
 []

[39]
Overfull \hbox (11.99896pt too wide) in paragraph at lines 1397--1397
[]\T1/lmtt/m/n/10 ## [24,] . . . . . . . . . . . . . . . . . . . 5 3 . . . 4 2 
2 0 0 .[] 
 []


Overfull \hbox (11.99896pt too wide) in paragraph at lines 1397--1397
[]\T1/lmtt/m/n/10 ## [25,] . . . . . . . . . . . . . . . . . . . 1 1 . . 4 . 1 
1 4 4 .[] 
 []


Overfull \hbox (11.99896pt too wide) in paragraph at lines 1397--1397
[]\T1/lmtt/m/n/10 ## [26,] . . . . . . . . . . . . . . . . . . . . 2 . . 2 1 . 
1 3 2 .[] 
 []


Overfull \hbox (11.99896pt too wide) in paragraph at lines 1397--1397
[]\T1/lmtt/m/n/10 ## [27,] . . . . . . . . . . . . . . . . . . . . . . . 2 1 1 
. 0 . .[] 
 []


Overfull \hbox (11.99896pt too wide) in paragraph at lines 1397--1397
[]\T1/lmtt/m/n/10 ## [28,] . . . . . . . . . . . . . . . . . . . . 1 . . 0 4 3 
0 . 2 .[] 
 []


Overfull \hbox (11.99896pt too wide) in paragraph at lines 1397--1397
[]\T1/lmtt/m/n/10 ## [29,] . . . . . . . . . . . . . . . . . . . . . . . 0 4 2 
. 2 . .[] 
 []


Overfull \hbox (11.99896pt too wide) in paragraph at lines 1397--1397
[]\T1/lmtt/m/n/10 ## [30,] . . . . . . . . . . . . . . . . . . . . . . . . . . 
. . . .[] 
 []


Overfull \hbox (138.57928pt too wide) has occurred while \output is active
\T1/lmr/m/n/10 40 \T1/lmr/m/sl/10 CHAPTER 9.  INTERACTION NETWORKS, FOOD WEBS, 
AND COMPLEXITY IN ECOLOGY (DAY 4)
 []

[40]

LaTeX Warning: File `_main_files/figure-latex/unnamed-chunk-12-1.pdf' not found
 on input line 1491.


! Package pdftex.def Error: File `_main_files/figure-latex/unnamed-chunk-12-1.p
df' not found: using draft setting.

See the pdftex.def package documentation for explanation.
Type  H <return>  for immediate help.
 ...                                              
                                                  
l.1491 ...les/figure-latex/unnamed-chunk-12-1.pdf}
                                                  
Try typing  <return>  to proceed.
If that doesn't work, type  X <return>  to quit.


LaTeX Warning: File `_main_files/figure-latex/unnamed-chunk-12-2.pdf' not found
 on input line 1499.


! Package pdftex.def Error: File `_main_files/figure-latex/unnamed-chunk-12-2.p
df' not found: using draft setting.

See the pdftex.def package documentation for explanation.
Type  H <return>  for immediate help.
 ...                                              
                                                  
l.1499 ...les/figure-latex/unnamed-chunk-12-2.pdf}
                                                  
Try typing  <return>  to proceed.
If that doesn't work, type  X <return>  to quit.

[41]
Overfull \hbox (138.57928pt too wide) has occurred while \output is active
\T1/lmr/m/n/10 42 \T1/lmr/m/sl/10 CHAPTER 9.  INTERACTION NETWORKS, FOOD WEBS, 
AND COMPLEXITY IN ECOLOGY (DAY 4)
 []

[42]
Overfull \hbox (32.9989pt too wide) in paragraph at lines 1576--1576
[]\T1/lmtt/m/n/10 ## [1]  1.8392868+0.0000000i -0.4196434+0.6062907i -0.4196434
-0.6062907i[] 
 []


Underfull \vbox (badness 1331) has occurred while \output is active []


Overfull \hbox (4.4167pt too wide) has occurred while \output is active
\T1/lmr/m/sl/10 9.4.  CRASH COURSE: MATRICES, EIGENVALUES, JACOBIAN MATRIX \T1/
lmr/m/n/10 43
 []

[43]

! LaTeX Error: Bad math environment delimiter.

See the LaTeX manual or LaTeX Companion for explanation.
Type  H <return>  for immediate help.
 ...                                              
                                                  
l.1613 \[\begin{equation}
                         
Your command was ignored.
Type  I <command> <return>  to replace it with another command,
or  <return>  to continue without it.

! Missing \endgroup inserted.
<inserted text> 
                \endgroup 
l.1615 \end{equation}
                     \]
I've inserted something that you may have forgotten.
(See the <inserted text> above.)
With luck, this will get me unwedged. But if you
really didn't forget anything, try typing `2' now; then
my insertion and my current dilemma will both disappear.


! LaTeX Error: \begin{equation*} on input line 1613 ended by \end{equation}.

See the LaTeX manual or LaTeX Companion for explanation.
Type  H <return>  for immediate help.
 ...                                              
                                                  
l.1615 \end{equation}
                     \]
Your command was ignored.
Type  I <command> <return>  to replace it with another command,
or  <return>  to continue without it.


! LaTeX Error: Bad math environment delimiter.

See the LaTeX manual or LaTeX Companion for explanation.
Type  H <return>  for immediate help.
 ...                                              
                                                  
l.1615 \end{equation}\]
                       
Your command was ignored.
Type  I <command> <return>  to replace it with another command,
or  <return>  to continue without it.


! LaTeX Error: \begin{document} ended by \end{equation*}.

See the LaTeX manual or LaTeX Companion for explanation.
Type  H <return>  for immediate help.
 ...                                              
                                                  
l.1615 \end{equation}\]
                       
Your command was ignored.
Type  I <command> <return>  to replace it with another command,
or  <return>  to continue without it.

! Missing $ inserted.
<inserted text> 
                $
l.1615 \end{equation}\]
                       
I've inserted something that you may have forgotten.
(See the <inserted text> above.)
With luck, this will get me unwedged. But if you
really didn't forget anything, try typing `2' now; then
my insertion and my current dilemma will both disappear.

! Display math should end with $$.
<to be read again> 
                   \endgroup 
l.1615 \end{equation}\]
                       
The `$' that I just saw supposedly matches a previous `$$'.
So I shall assume that you typed `$$' both times.

! Extra \endgroup.
<recently read> \endgroup 
                          
l.1615 \end{equation}\]
                       
Things are pretty mixed up, but I think the worst is over.

<fig06Networks/May.jpg, id=383, 274.1442pt x 268.3626pt>
File: fig06Networks/May.jpg Graphic file (type jpg)
<use fig06Networks/May.jpg>
Package pdftex.def Info: fig06Networks/May.jpg  used on input line 1619.
(pdftex.def)             Requested size: 274.16023pt x 268.37831pt.

Underfull \vbox (badness 10000) has occurred while \output is active []


Overfull \hbox (138.57928pt too wide) has occurred while \output is active
\T1/lmr/m/n/10 44 \T1/lmr/m/sl/10 CHAPTER 9.  INTERACTION NETWORKS, FOOD WEBS, 
AND COMPLEXITY IN ECOLOGY (DAY 4)
 []

[44]

LaTeX Warning: File `_main_files/figure-latex/unnamed-chunk-18-1.pdf' not found
 on input line 1628.


! Package pdftex.def Error: File `_main_files/figure-latex/unnamed-chunk-18-1.p
df' not found: using draft setting.

See the pdftex.def package documentation for explanation.
Type  H <return>  for immediate help.
 ...                                              
                                                  
l.1628 ...les/figure-latex/unnamed-chunk-18-1.pdf}
                                                  
Try typing  <return>  to proceed.
If that doesn't work, type  X <return>  to quit.


Underfull \vbox (badness 10000) has occurred while \output is active []

 [45 <./fig06Networks/May.jpg>]
<fig06Networks/Stone.jpg, id=396, 656.4525pt x 229.60782pt>
File: fig06Networks/Stone.jpg Graphic file (type jpg)
<use fig06Networks/Stone.jpg>
Package pdftex.def Info: fig06Networks/Stone.jpg  used on input line 1645.
(pdftex.def)             Requested size: 656.48094pt x 229.61775pt.

Overfull \hbox (311.48094pt too wide) in paragraph at lines 1645--1646
[][] 
 []


Overfull \hbox (138.57928pt too wide) has occurred while \output is active
\T1/lmr/m/n/10 46 \T1/lmr/m/sl/10 CHAPTER 9.  INTERACTION NETWORKS, FOOD WEBS, 
AND COMPLEXITY IN ECOLOGY (DAY 4)
 []

[46 <./fig06Networks/Stone.jpg>]
<fig06Networks/Dunne1.jpg, id=403, 413.3844pt x 370.5042pt>
File: fig06Networks/Dunne1.jpg Graphic file (type jpg)
<use fig06Networks/Dunne1.jpg>
Package pdftex.def Info: fig06Networks/Dunne1.jpg  used on input line 1718.
(pdftex.def)             Requested size: 413.38338pt x 370.50328pt.

Overfull \hbox (68.38338pt too wide) in paragraph at lines 1718--1719
[][] 
 []


Underfull \vbox (badness 10000) has occurred while \output is active []

 [47]
<fig06Networks/Dunne2.jpg, id=410, 207.174pt x 147.4308pt>
File: fig06Networks/Dunne2.jpg Graphic file (type jpg)
<use fig06Networks/Dunne2.jpg>
Package pdftex.def Info: fig06Networks/Dunne2.jpg  used on input line 1723.
(pdftex.def)             Requested size: 207.18295pt x 147.43718pt.

Underfull \vbox (badness 10000) has occurred while \output is active []


Overfull \hbox (138.57928pt too wide) has occurred while \output is active
\T1/lmr/m/n/10 48 \T1/lmr/m/sl/10 CHAPTER 9.  INTERACTION NETWORKS, FOOD WEBS, 
AND COMPLEXITY IN ECOLOGY (DAY 4)
 []

[48 <./fig06Networks/Dunne1.jpg>]

LaTeX Warning: File `_main_files/figure-latex/unnamed-chunk-25-1.pdf' not found
 on input line 1776.


! Package pdftex.def Error: File `_main_files/figure-latex/unnamed-chunk-25-1.p
df' not found: using draft setting.

See the pdftex.def package documentation for explanation.
Type  H <return>  for immediate help.
 ...                                              
                                                  
l.1776 ...les/figure-latex/unnamed-chunk-25-1.pdf}
                                                  
Try typing  <return>  to proceed.
If that doesn't work, type  X <return>  to quit.

[49 <./fig06Networks/Dunne2.jpg>]
<fig06Networks/Dunne3.jpg, id=420, 323.7696pt x 308.352pt>
File: fig06Networks/Dunne3.jpg Graphic file (type jpg)
<use fig06Networks/Dunne3.jpg>
Package pdftex.def Info: fig06Networks/Dunne3.jpg  used on input line 1801.
(pdftex.def)             Requested size: 323.77374pt x 308.35594pt.

Overfull \hbox (138.57928pt too wide) has occurred while \output is active
\T1/lmr/m/n/10 50 \T1/lmr/m/sl/10 CHAPTER 9.  INTERACTION NETWORKS, FOOD WEBS, 
AND COMPLEXITY IN ECOLOGY (DAY 4)
 []

[50 <./fig06Networks/Dunne3.jpg>]

LaTeX Warning: File `_main_files/figure-latex/unnamed-chunk-27-1.pdf' not found
 on input line 1810.


! Package pdftex.def Error: File `_main_files/figure-latex/unnamed-chunk-27-1.p
df' not found: using draft setting.

See the pdftex.def package documentation for explanation.
Type  H <return>  for immediate help.
 ...                                              
                                                  
l.1810 ...les/figure-latex/unnamed-chunk-27-1.pdf}
                                                  
Try typing  <return>  to proceed.
If that doesn't work, type  X <return>  to quit.


LaTeX Warning: File `_main_files/figure-latex/unnamed-chunk-27-2.pdf' not found
 on input line 1818.


! Package pdftex.def Error: File `_main_files/figure-latex/unnamed-chunk-27-2.p
df' not found: using draft setting.

See the pdftex.def package documentation for explanation.
Type  H <return>  for immediate help.
 ...                                              
                                                  
l.1818 ...les/figure-latex/unnamed-chunk-27-2.pdf}
                                                  
Try typing  <return>  to proceed.
If that doesn't work, type  X <return>  to quit.


Overfull \hbox (11.99896pt too wide) in paragraph at lines 1842--1842
[]\T1/lmtt/m/n/10 ## Warning in ks.test.default(degree(net), "pbinom", length(V
(net)),[] 
 []


Overfull \hbox (32.9989pt too wide) in paragraph at lines 1842--1842
[]\T1/lmtt/m/n/10 ## mean(degree(net))/length(V(net))): ties should not be pres
ent for the[] 
 []


Underfull \vbox (badness 10000) has occurred while \output is active []

 [51]
<fig06Networks/configuration.jpg, id=430, 679.8198pt x 304.4976pt>
File: fig06Networks/configuration.jpg Graphic file (type jpg)
<use fig06Networks/configuration.jpg>
Package pdftex.def Info: fig06Networks/configuration.jpg  used on input line 18
66.
(pdftex.def)             Requested size: 679.88036pt x 304.52472pt.

Overfull \hbox (334.88036pt too wide) in paragraph at lines 1866--1867
[][] 
 []


Overfull \hbox (6.74898pt too wide) in paragraph at lines 1883--1883
[]\T1/lmtt/m/n/10 ## Warning: \TS1/lmtt/m/n/10 `\T1/lmtt/m/n/10 as_incidence_ma
trix()\TS1/lmtt/m/n/10 ` \T1/lmtt/m/n/10 was deprecated in igraph 1.6.0.[] 
 []


Overfull \hbox (138.57928pt too wide) has occurred while \output is active
\T1/lmr/m/n/10 52 \T1/lmr/m/sl/10 CHAPTER 9.  INTERACTION NETWORKS, FOOD WEBS, 
AND COMPLEXITY IN ECOLOGY (DAY 4)
 []

[52 <./fig06Networks/configuration.jpg>]
Overfull \hbox (53.99884pt too wide) in paragraph at lines 1883--1883
[]\T1/lmtt/m/n/10 ## Call \TS1/lmtt/m/n/10 `\T1/lmtt/m/n/10 lifecycle::last_lif
ecycle_warnings()\TS1/lmtt/m/n/10 ` \T1/lmtt/m/n/10 to see where this warning w
as[] 
 []

<fig06Networks/Lewinsohn.jpg, id=436, 637.4214pt x 267.8808pt>
File: fig06Networks/Lewinsohn.jpg Graphic file (type jpg)
<use fig06Networks/Lewinsohn.jpg>
Package pdftex.def Info: fig06Networks/Lewinsohn.jpg  used on input line 1930.
(pdftex.def)             Requested size: 637.42957pt x 267.88422pt.

Overfull \hbox (292.42957pt too wide) in paragraph at lines 1930--1931
[][] 
 []


Underfull \vbox (badness 10000) has occurred while \output is active []

 [53]

! LaTeX Error: Bad math environment delimiter.

See the LaTeX manual or LaTeX Companion for explanation.
Type  H <return>  for immediate help.
 ...                                              
                                                  
l.1937 \[\begin{equation}
                         
Your command was ignored.
Type  I <command> <return>  to replace it with another command,
or  <return>  to continue without it.

! Missing \endgroup inserted.
<inserted text> 
                \endgroup 
l.1939 \end{equation}
                     \]
I've inserted something that you may have forgotten.
(See the <inserted text> above.)
With luck, this will get me unwedged. But if you
really didn't forget anything, try typing `2' now; then
my insertion and my current dilemma will both disappear.


! LaTeX Error: \begin{equation*} on input line 1937 ended by \end{equation}.

See the LaTeX manual or LaTeX Companion for explanation.
Type  H <return>  for immediate help.
 ...                                              
                                                  
l.1939 \end{equation}
                     \]
Your command was ignored.
Type  I <command> <return>  to replace it with another command,
or  <return>  to continue without it.


! LaTeX Error: Bad math environment delimiter.

See the LaTeX manual or LaTeX Companion for explanation.
Type  H <return>  for immediate help.
 ...                                              
                                                  
l.1939 \end{equation}\]
                       
Your command was ignored.
Type  I <command> <return>  to replace it with another command,
or  <return>  to continue without it.


! LaTeX Error: \begin{document} ended by \end{equation*}.

See the LaTeX manual or LaTeX Companion for explanation.
Type  H <return>  for immediate help.
 ...                                              
                                                  
l.1939 \end{equation}\]
                       
Your command was ignored.
Type  I <command> <return>  to replace it with another command,
or  <return>  to continue without it.

! Missing $ inserted.
<inserted text> 
                $
l.1939 \end{equation}\]
                       
I've inserted something that you may have forgotten.
(See the <inserted text> above.)
With luck, this will get me unwedged. But if you
really didn't forget anything, try typing `2' now; then
my insertion and my current dilemma will both disappear.

! Display math should end with $$.
<to be read again> 
                   \endgroup 
l.1939 \end{equation}\]
                       
The `$' that I just saw supposedly matches a previous `$$'.
So I shall assume that you typed `$$' both times.

! Extra \endgroup.
<recently read> \endgroup 
                          
l.1939 \end{equation}\]
                       
Things are pretty mixed up, but I think the worst is over.


Overfull \hbox (138.57928pt too wide) has occurred while \output is active
\T1/lmr/m/n/10 54 \T1/lmr/m/sl/10 CHAPTER 9.  INTERACTION NETWORKS, FOOD WEBS, 
AND COMPLEXITY IN ECOLOGY (DAY 4)
 []

[54 <./fig06Networks/Lewinsohn.jpg>]

LaTeX Warning: File `_main_files/figure-latex/unnamed-chunk-33-1.pdf' not found
 on input line 1959.


! Package pdftex.def Error: File `_main_files/figure-latex/unnamed-chunk-33-1.p
df' not found: using draft setting.

See the pdftex.def package documentation for explanation.
Type  H <return>  for immediate help.
 ...                                              
                                                  
l.1959 ...les/figure-latex/unnamed-chunk-33-1.pdf}
                                                  
Try typing  <return>  to proceed.
If that doesn't work, type  X <return>  to quit.


LaTeX Warning: File `_main_files/figure-latex/unnamed-chunk-33-2.pdf' not found
 on input line 1967.


! Package pdftex.def Error: File `_main_files/figure-latex/unnamed-chunk-33-2.p
df' not found: using draft setting.

See the pdftex.def package documentation for explanation.
Type  H <return>  for immediate help.
 ...                                              
                                                  
l.1967 ...les/figure-latex/unnamed-chunk-33-2.pdf}
                                                  
Try typing  <return>  to proceed.
If that doesn't work, type  X <return>  to quit.


LaTeX Warning: File `_main_files/figure-latex/unnamed-chunk-33-3.pdf' not found
 on input line 1975.


! Package pdftex.def Error: File `_main_files/figure-latex/unnamed-chunk-33-3.p
df' not found: using draft setting.

See the pdftex.def package documentation for explanation.
Type  H <return>  for immediate help.
 ...                                              
                                                  
l.1975 ...les/figure-latex/unnamed-chunk-33-3.pdf}
                                                  
Try typing  <return>  to proceed.
If that doesn't work, type  X <return>  to quit.


Overfull \hbox (122.24864pt too wide) in paragraph at lines 1998--1998
[]\T1/lmtt/m/n/10 ## Warning: The \TS1/lmtt/m/n/10 `\T1/lmtt/m/n/10 adjmatrix\T
S1/lmtt/m/n/10 ` \T1/lmtt/m/n/10 argument of \TS1/lmtt/m/n/10 `\T1/lmtt/m/n/10 
graph_from_adjacency_matrix()\TS1/lmtt/m/n/10 ` \T1/lmtt/m/n/10 must be symmetr
ic[] 
 []

[55]
Overfull \hbox (53.99884pt too wide) in paragraph at lines 1998--1998
[]\T1/lmtt/m/n/10 ## Call \TS1/lmtt/m/n/10 `\T1/lmtt/m/n/10 lifecycle::last_lif
ecycle_warnings()\TS1/lmtt/m/n/10 ` \T1/lmtt/m/n/10 to see where this warning w
as[] 
 []


LaTeX Warning: File `_main_files/figure-latex/unnamed-chunk-34-1.pdf' not found
 on input line 2007.


! Package pdftex.def Error: File `_main_files/figure-latex/unnamed-chunk-34-1.p
df' not found: using draft setting.

See the pdftex.def package documentation for explanation.
Type  H <return>  for immediate help.
 ...                                              
                                                  
l.2007 ...les/figure-latex/unnamed-chunk-34-1.pdf}
                                                  
Try typing  <return>  to proceed.
If that doesn't work, type  X <return>  to quit.


Underfull \hbox (badness 1867) in paragraph at lines 2022--2023
\T1/lmr/m/n/10 (+20) Because there are tons of al-go-rithms al-ready de-vel-ope
d to find clus-
 []


Overfull \hbox (85.49875pt too wide) in paragraph at lines 2103--2103
[]\T1/lmtt/m/n/10 ##      [,1] [,2] [,3] [,4] [,5] [,6] [,7] [,8] [,9] [,10] [,
11] [,12] [,13] [,14][] 
 []


Overfull \hbox (85.49875pt too wide) in paragraph at lines 2103--2103
[]\T1/lmtt/m/n/10 ## [1,]   NA    0    0    0    0    0    1    0    0     0   
  1     0     1     0[] 
 []


Overfull \hbox (85.49875pt too wide) in paragraph at lines 2103--2103
[]\T1/lmtt/m/n/10 ## [2,]    0   NA    0    0    0    0    1    0    0     0   
  0     0     0     0[] 
 []


Overfull \hbox (85.49875pt too wide) in paragraph at lines 2103--2103
[]\T1/lmtt/m/n/10 ## [3,]    0    0   NA    0    0    0    0    0    0     1   
  0     0     0     0[] 
 []


Overfull \hbox (138.57928pt too wide) has occurred while \output is active
\T1/lmr/m/n/10 56 \T1/lmr/m/sl/10 CHAPTER 9.  INTERACTION NETWORKS, FOOD WEBS, 
AND COMPLEXITY IN ECOLOGY (DAY 4)
 []

[56]
Overfull \hbox (85.49875pt too wide) in paragraph at lines 2103--2103
[]\T1/lmtt/m/n/10 ## [4,]    0    0    0   NA    1    0    0    1    0     0   
  0     0     0     0[] 
 []


Overfull \hbox (85.49875pt too wide) in paragraph at lines 2103--2103
[]\T1/lmtt/m/n/10 ## [5,]    0    0    0    1   NA    1    1    0    0     0   
  0     0     0     0[] 
 []


Overfull \hbox (85.49875pt too wide) in paragraph at lines 2103--2103
[]\T1/lmtt/m/n/10 ## [6,]    0    0    0    0    1   NA    0    0    1     0   
  0     0     0     0[] 
 []


Overfull \hbox (69.7488pt too wide) in paragraph at lines 2103--2103
[]\T1/lmtt/m/n/10 ##      [,15] [,16] [,17] [,18] [,19] [,20] [,21] [,22] [,23]
 [,24] [,25] [,26][] 
 []


Overfull \hbox (69.7488pt too wide) in paragraph at lines 2103--2103
[]\T1/lmtt/m/n/10 ## [1,]     0     0     0     1     0     0     0     0     0
     0     0     0[] 
 []


Overfull \hbox (69.7488pt too wide) in paragraph at lines 2103--2103
[]\T1/lmtt/m/n/10 ## [2,]     0     0     0     0     0     0     0     0     1
     0     0     0[] 
 []


Overfull \hbox (69.7488pt too wide) in paragraph at lines 2103--2103
[]\T1/lmtt/m/n/10 ## [3,]     0     0     0     0     0     0     0     1     0
     0     0     0[] 
 []


Overfull \hbox (69.7488pt too wide) in paragraph at lines 2103--2103
[]\T1/lmtt/m/n/10 ## [4,]     1     0     0     0     0     0     0     0     1
     0     1     0[] 
 []


Overfull \hbox (69.7488pt too wide) in paragraph at lines 2103--2103
[]\T1/lmtt/m/n/10 ## [5,]     0     0     0     0     0     0     1     0     0
     0     0     0[] 
 []


Overfull \hbox (69.7488pt too wide) in paragraph at lines 2103--2103
[]\T1/lmtt/m/n/10 ## [6,]     0     0     0     0     0     0     1     1     0
     0     0     0[] 
 []


Overfull \hbox (69.7488pt too wide) in paragraph at lines 2103--2103
[]\T1/lmtt/m/n/10 ##      [,27] [,28] [,29] [,30] [,31] [,32] [,33] [,34] [,35]
 [,36] [,37] [,38][] 
 []


Overfull \hbox (69.7488pt too wide) in paragraph at lines 2103--2103
[]\T1/lmtt/m/n/10 ## [1,]     1     0     0     0     0     1     0     0     1
     0     0     0[] 
 []


Overfull \hbox (69.7488pt too wide) in paragraph at lines 2103--2103
[]\T1/lmtt/m/n/10 ## [2,]     0     0     0     0     0     0     0     0     0
     0     0     0[] 
 []


Overfull \hbox (69.7488pt too wide) in paragraph at lines 2103--2103
[]\T1/lmtt/m/n/10 ## [3,]     0     0     0     0     0     1     0     0     0
     0     0     0[] 
 []


Overfull \hbox (69.7488pt too wide) in paragraph at lines 2103--2103
[]\T1/lmtt/m/n/10 ## [4,]     0     0     0     0     0     1     0     0     0
     0     0     0[] 
 []


Overfull \hbox (69.7488pt too wide) in paragraph at lines 2103--2103
[]\T1/lmtt/m/n/10 ## [5,]     0     1     0     1     0     0     0     0     0
     0     1     0[] 
 []


Overfull \hbox (69.7488pt too wide) in paragraph at lines 2103--2103
[]\T1/lmtt/m/n/10 ## [6,]     0     1     0     1     0     0     0     0     0
     1     1     0[] 
 []


Overfull \hbox (69.7488pt too wide) in paragraph at lines 2103--2103
[]\T1/lmtt/m/n/10 ##      [,39] [,40] [,41] [,42] [,43] [,44] [,45] [,46] [,47]
 [,48] [,49] [,50][] 
 []


Overfull \hbox (69.7488pt too wide) in paragraph at lines 2103--2103
[]\T1/lmtt/m/n/10 ## [1,]     0     0     0     0     0     0     1     0     0
     0     0     0[] 
 []


Overfull \hbox (69.7488pt too wide) in paragraph at lines 2103--2103
[]\T1/lmtt/m/n/10 ## [2,]     0     0     0     0     1     0     0     0     0
     0     0     0[] 
 []


Overfull \hbox (69.7488pt too wide) in paragraph at lines 2103--2103
[]\T1/lmtt/m/n/10 ## [3,]     1     0     0     0     0     0     0     0     0
     0     0     0[] 
 []


Overfull \hbox (69.7488pt too wide) in paragraph at lines 2103--2103
[]\T1/lmtt/m/n/10 ## [4,]     0     0     0     0     1     0     0     0     0
     0     1     1[] 
 []


Overfull \hbox (69.7488pt too wide) in paragraph at lines 2103--2103
[]\T1/lmtt/m/n/10 ## [5,]     0     0     1     1     0     0     0     0     0
     0     0     0[] 
 []


Overfull \hbox (69.7488pt too wide) in paragraph at lines 2103--2103
[]\T1/lmtt/m/n/10 ## [6,]     0     1     0     0     0     0     0     0     0
     0     1     0[] 
 []


Overfull \hbox (69.7488pt too wide) in paragraph at lines 2103--2103
[]\T1/lmtt/m/n/10 ##      [,51] [,52] [,53] [,54] [,55] [,56] [,57] [,58] [,59]
 [,60] [,61] [,62][] 
 []


Overfull \hbox (69.7488pt too wide) in paragraph at lines 2103--2103
[]\T1/lmtt/m/n/10 ## [1,]     0     0     0     1     0     0     0     0     0
     0     0     0[] 
 []


Overfull \hbox (69.7488pt too wide) in paragraph at lines 2103--2103
[]\T1/lmtt/m/n/10 ## [2,]     1     0     0     0     0     0     0     1     1
     0     0     1[] 
 []


Overfull \hbox (69.7488pt too wide) in paragraph at lines 2103--2103
[]\T1/lmtt/m/n/10 ## [3,]     0     0     0     1     1     0     0     0     0
     0     0     0[] 
 []


Overfull \hbox (69.7488pt too wide) in paragraph at lines 2103--2103
[]\T1/lmtt/m/n/10 ## [4,]     0     0     0     1     0     0     0     0     0
     0     0     1[] 
 []


Overfull \hbox (69.7488pt too wide) in paragraph at lines 2103--2103
[]\T1/lmtt/m/n/10 ## [5,]     0     0     0     0     0     0     0     0     1
     0     1     1[] 
 []


Overfull \hbox (69.7488pt too wide) in paragraph at lines 2103--2103
[]\T1/lmtt/m/n/10 ## [6,]     0     0     0     0     0     1     0     0     1
     0     0     0[] 
 []


Overfull \hbox (69.7488pt too wide) in paragraph at lines 2103--2103
[]\T1/lmtt/m/n/10 ##      [,63] [,64] [,65] [,66] [,67] [,68] [,69] [,70] [,71]
 [,72] [,73] [,74][] 
 []


Overfull \hbox (69.7488pt too wide) in paragraph at lines 2103--2103
[]\T1/lmtt/m/n/10 ## [1,]     0     0     0     0     0     0     0     0     0
     1     0     0[] 
 []


Overfull \hbox (69.7488pt too wide) in paragraph at lines 2103--2103
[]\T1/lmtt/m/n/10 ## [2,]     0     0     0     0     0     0     0     1     0
     0     1     0[] 
 []


Overfull \hbox (69.7488pt too wide) in paragraph at lines 2103--2103
[]\T1/lmtt/m/n/10 ## [3,]     0     0     0     1     0     0     0     0     0
     1     0     0[] 
 []


Overfull \hbox (69.7488pt too wide) in paragraph at lines 2103--2103
[]\T1/lmtt/m/n/10 ## [4,]     0     0     0     0     1     0     0     0     0
     0     1     0[] 
 []


Overfull \hbox (69.7488pt too wide) in paragraph at lines 2103--2103
[]\T1/lmtt/m/n/10 ## [5,]     0     0     0     0     1     0     0     0     0
     0     0     0[] 
 []


Overfull \hbox (69.7488pt too wide) in paragraph at lines 2103--2103
[]\T1/lmtt/m/n/10 ## [6,]     0     0     0     1     1     0     0     0     1
     0     0     0[] 
 []


Overfull \hbox (69.7488pt too wide) in paragraph at lines 2103--2103
[]\T1/lmtt/m/n/10 ##      [,75] [,76] [,77] [,78] [,79] [,80] [,81] [,82] [,83]
 [,84] [,85] [,86][] 
 []


Overfull \hbox (69.7488pt too wide) in paragraph at lines 2103--2103
[]\T1/lmtt/m/n/10 ## [1,]     0     0     0     1     0     1     0     0     0
     1     0     0[] 
 []


Overfull \hbox (69.7488pt too wide) in paragraph at lines 2103--2103
[]\T1/lmtt/m/n/10 ## [2,]     1     0     0     0     0     0     0     0     0
     0     1     0[] 
 []


Overfull \hbox (69.7488pt too wide) in paragraph at lines 2103--2103
[]\T1/lmtt/m/n/10 ## [3,]     0     0     0     1     0     0     0     0     0
     1     0     0[] 
 []


Overfull \hbox (69.7488pt too wide) in paragraph at lines 2103--2103
[]\T1/lmtt/m/n/10 ## [4,]     0     0     0     0     0     0     0     0     0
     0     0     0[] 
 []


Overfull \hbox (69.7488pt too wide) in paragraph at lines 2103--2103
[]\T1/lmtt/m/n/10 ## [5,]     0     0     0     0     0     0     1     0     0
     0     0     1[] 
 []


Overfull \hbox (69.7488pt too wide) in paragraph at lines 2103--2103
[]\T1/lmtt/m/n/10 ## [6,]     0     0     0     0     0     0     1     0     0
     1     0     0[] 
 []


Overfull \hbox (69.7488pt too wide) in paragraph at lines 2103--2103
[]\T1/lmtt/m/n/10 ##      [,87] [,88] [,89] [,90] [,91] [,92] [,93] [,94] [,95]
 [,96] [,97] [,98][] 
 []

[57]
Overfull \hbox (69.7488pt too wide) in paragraph at lines 2103--2103
[]\T1/lmtt/m/n/10 ## [1,]     0     0     0     0     0     0     0     0     0
     0     0     0[] 
 []


Overfull \hbox (69.7488pt too wide) in paragraph at lines 2103--2103
[]\T1/lmtt/m/n/10 ## [2,]     0     0     0     0     0     0     0     0     0
     1     1     0[] 
 []


Overfull \hbox (69.7488pt too wide) in paragraph at lines 2103--2103
[]\T1/lmtt/m/n/10 ## [3,]     0     0     0     0     1     0     0     0     0
     1     1     0[] 
 []


Overfull \hbox (69.7488pt too wide) in paragraph at lines 2103--2103
[]\T1/lmtt/m/n/10 ## [4,]     0     0     0     0     0     0     0     0     0
     0     0     1[] 
 []


Overfull \hbox (69.7488pt too wide) in paragraph at lines 2103--2103
[]\T1/lmtt/m/n/10 ## [5,]     0     0     0     0     0     0     0     0     0
     0     0     1[] 
 []


Overfull \hbox (69.7488pt too wide) in paragraph at lines 2103--2103
[]\T1/lmtt/m/n/10 ## [6,]     0     0     0     0     0     0     1     0     1
     0     0     1[] 
 []


LaTeX Warning: File `_main_files/figure-latex/unnamed-chunk-35-1.pdf' not found
 on input line 2116.


! Package pdftex.def Error: File `_main_files/figure-latex/unnamed-chunk-35-1.p
df' not found: using draft setting.

See the pdftex.def package documentation for explanation.
Type  H <return>  for immediate help.
 ...                                              
                                                  
l.2116 ...les/figure-latex/unnamed-chunk-35-1.pdf}
                                                  
Try typing  <return>  to proceed.
If that doesn't work, type  X <return>  to quit.


LaTeX Warning: File `_main_files/figure-latex/unnamed-chunk-35-2.pdf' not found
 on input line 2127.


! Package pdftex.def Error: File `_main_files/figure-latex/unnamed-chunk-35-2.p
df' not found: using draft setting.

See the pdftex.def package documentation for explanation.
Type  H <return>  for immediate help.
 ...                                              
                                                  
l.2127 ...les/figure-latex/unnamed-chunk-35-2.pdf}
                                                  
Try typing  <return>  to proceed.
If that doesn't work, type  X <return>  to quit.


LaTeX Warning: File `_main_files/figure-latex/unnamed-chunk-35-3.pdf' not found
 on input line 2134.


! Package pdftex.def Error: File `_main_files/figure-latex/unnamed-chunk-35-3.p
df' not found: using draft setting.

See the pdftex.def package documentation for explanation.
Type  H <return>  for immediate help.
 ...                                              
                                                  
l.2134 ...les/figure-latex/unnamed-chunk-35-3.pdf}
                                                  
Try typing  <return>  to proceed.
If that doesn't work, type  X <return>  to quit.


Underfull \vbox (badness 10000) has occurred while \output is active []


Overfull \hbox (138.57928pt too wide) has occurred while \output is active
\T1/lmr/m/n/10 58 \T1/lmr/m/sl/10 CHAPTER 9.  INTERACTION NETWORKS, FOOD WEBS, 
AND COMPLEXITY IN ECOLOGY (DAY 4)
 []

[58]

LaTeX Warning: File `_main_files/figure-latex/unnamed-chunk-35-4.pdf' not found
 on input line 2141.


! Package pdftex.def Error: File `_main_files/figure-latex/unnamed-chunk-35-4.p
df' not found: using draft setting.

See the pdftex.def package documentation for explanation.
Type  H <return>  for immediate help.
 ...                                              
                                                  
l.2141 ...les/figure-latex/unnamed-chunk-35-4.pdf}
                                                  
Try typing  <return>  to proceed.
If that doesn't work, type  X <return>  to quit.


LaTeX Warning: File `_main_files/figure-latex/unnamed-chunk-35-5.pdf' not found
 on input line 2148.


! Package pdftex.def Error: File `_main_files/figure-latex/unnamed-chunk-35-5.p
df' not found: using draft setting.

See the pdftex.def package documentation for explanation.
Type  H <return>  for immediate help.
 ...                                              
                                                  
l.2148 ...les/figure-latex/unnamed-chunk-35-5.pdf}
                                                  
Try typing  <return>  to proceed.
If that doesn't work, type  X <return>  to quit.


LaTeX Warning: File `_main_files/figure-latex/unnamed-chunk-35-6.pdf' not found
 on input line 2156.


! Package pdftex.def Error: File `_main_files/figure-latex/unnamed-chunk-35-6.p
df' not found: using draft setting.

See the pdftex.def package documentation for explanation.
Type  H <return>  for immediate help.
 ...                                              
                                                  
l.2156 ...les/figure-latex/unnamed-chunk-35-6.pdf}
                                                  
Try typing  <return>  to proceed.
If that doesn't work, type  X <return>  to quit.


LaTeX Warning: File `_main_files/figure-latex/unnamed-chunk-35-7.pdf' not found
 on input line 2163.


! Package pdftex.def Error: File `_main_files/figure-latex/unnamed-chunk-35-7.p
df' not found: using draft setting.

See the pdftex.def package documentation for explanation.
Type  H <return>  for immediate help.
 ...                                              
                                                  
l.2163 ...les/figure-latex/unnamed-chunk-35-7.pdf}
                                                  
Try typing  <return>  to proceed.
If that doesn't work, type  X <return>  to quit.

[59]

LaTeX Warning: File `_main_files/figure-latex/unnamed-chunk-35-8.pdf' not found
 on input line 2170.


! Package pdftex.def Error: File `_main_files/figure-latex/unnamed-chunk-35-8.p
df' not found: using draft setting.

See the pdftex.def package documentation for explanation.
Type  H <return>  for immediate help.
 ...                                              
                                                  
l.2170 ...les/figure-latex/unnamed-chunk-35-8.pdf}
                                                  
Try typing  <return>  to proceed.
If that doesn't work, type  X <return>  to quit.


LaTeX Warning: File `_main_files/figure-latex/unnamed-chunk-35-9.pdf' not found
 on input line 2182.


! Package pdftex.def Error: File `_main_files/figure-latex/unnamed-chunk-35-9.p
df' not found: using draft setting.

See the pdftex.def package documentation for explanation.
Type  H <return>  for immediate help.
 ...                                              
                                                  
l.2182 ...les/figure-latex/unnamed-chunk-35-9.pdf}
                                                  
Try typing  <return>  to proceed.
If that doesn't work, type  X <return>  to quit.


LaTeX Warning: File `_main_files/figure-latex/unnamed-chunk-35-10.pdf' not foun
d on input line 2190.


! Package pdftex.def Error: File `_main_files/figure-latex/unnamed-chunk-35-10.
pdf' not found: using draft setting.

See the pdftex.def package documentation for explanation.
Type  H <return>  for immediate help.
 ...                                              
                                                  
l.2190 ...es/figure-latex/unnamed-chunk-35-10.pdf}
                                                  
Try typing  <return>  to proceed.
If that doesn't work, type  X <return>  to quit.


Overfull \hbox (138.57928pt too wide) has occurred while \output is active
\T1/lmr/m/n/10 60 \T1/lmr/m/sl/10 CHAPTER 9.  INTERACTION NETWORKS, FOOD WEBS, 
AND COMPLEXITY IN ECOLOGY (DAY 4)
 []

[60]

LaTeX Warning: File `_main_files/figure-latex/unnamed-chunk-35-11.pdf' not foun
d on input line 2213.


! Package pdftex.def Error: File `_main_files/figure-latex/unnamed-chunk-35-11.
pdf' not found: using draft setting.

See the pdftex.def package documentation for explanation.
Type  H <return>  for immediate help.
 ...                                              
                                                  
l.2213 ...es/figure-latex/unnamed-chunk-35-11.pdf}
                                                  
Try typing  <return>  to proceed.
If that doesn't work, type  X <return>  to quit.


LaTeX Warning: File `_main_files/figure-latex/unnamed-chunk-35-12.pdf' not foun
d on input line 2221.


! Package pdftex.def Error: File `_main_files/figure-latex/unnamed-chunk-35-12.
pdf' not found: using draft setting.

See the pdftex.def package documentation for explanation.
Type  H <return>  for immediate help.
 ...                                              
                                                  
l.2221 ...es/figure-latex/unnamed-chunk-35-12.pdf}
                                                  
Try typing  <return>  to proceed.
If that doesn't work, type  X <return>  to quit.


LaTeX Warning: File `_main_files/figure-latex/unnamed-chunk-36-1.pdf' not found
 on input line 2240.


! Package pdftex.def Error: File `_main_files/figure-latex/unnamed-chunk-36-1.p
df' not found: using draft setting.

See the pdftex.def package documentation for explanation.
Type  H <return>  for immediate help.
 ...                                              
                                                  
l.2240 ...les/figure-latex/unnamed-chunk-36-1.pdf}
                                                  
Try typing  <return>  to proceed.
If that doesn't work, type  X <return>  to quit.


LaTeX Warning: File `_main_files/figure-latex/unnamed-chunk-36-2.pdf' not found
 on input line 2251.


! Package pdftex.def Error: File `_main_files/figure-latex/unnamed-chunk-36-2.p
df' not found: using draft setting.

See the pdftex.def package documentation for explanation.
Type  H <return>  for immediate help.
 ...                                              
                                                  
l.2251 ...les/figure-latex/unnamed-chunk-36-2.pdf}
                                                  
Try typing  <return>  to proceed.
If that doesn't work, type  X <return>  to quit.


Underfull \vbox (badness 3168) has occurred while \output is active []

 [61]

LaTeX Warning: File `_main_files/figure-latex/unnamed-chunk-36-3.pdf' not found
 on input line 2258.


! Package pdftex.def Error: File `_main_files/figure-latex/unnamed-chunk-36-3.p
df' not found: using draft setting.

See the pdftex.def package documentation for explanation.
Type  H <return>  for immediate help.
 ...                                              
                                                  
l.2258 ...les/figure-latex/unnamed-chunk-36-3.pdf}
                                                  
Try typing  <return>  to proceed.
If that doesn't work, type  X <return>  to quit.


LaTeX Warning: File `_main_files/figure-latex/unnamed-chunk-36-4.pdf' not found
 on input line 2265.


! Package pdftex.def Error: File `_main_files/figure-latex/unnamed-chunk-36-4.p
df' not found: using draft setting.

See the pdftex.def package documentation for explanation.
Type  H <return>  for immediate help.
 ...                                              
                                                  
l.2265 ...les/figure-latex/unnamed-chunk-36-4.pdf}
                                                  
Try typing  <return>  to proceed.
If that doesn't work, type  X <return>  to quit.


LaTeX Warning: File `_main_files/figure-latex/unnamed-chunk-36-5.pdf' not found
 on input line 2272.


! Package pdftex.def Error: File `_main_files/figure-latex/unnamed-chunk-36-5.p
df' not found: using draft setting.

See the pdftex.def package documentation for explanation.
Type  H <return>  for immediate help.
 ...                                              
                                                  
l.2272 ...les/figure-latex/unnamed-chunk-36-5.pdf}
                                                  
Try typing  <return>  to proceed.
If that doesn't work, type  X <return>  to quit.


LaTeX Warning: File `_main_files/figure-latex/unnamed-chunk-36-6.pdf' not found
 on input line 2280.


! Package pdftex.def Error: File `_main_files/figure-latex/unnamed-chunk-36-6.p
df' not found: using draft setting.

See the pdftex.def package documentation for explanation.
Type  H <return>  for immediate help.
 ...                                              
                                                  
l.2280 ...les/figure-latex/unnamed-chunk-36-6.pdf}
                                                  
Try typing  <return>  to proceed.
If that doesn't work, type  X <return>  to quit.


Overfull \hbox (138.57928pt too wide) has occurred while \output is active
\T1/lmr/m/n/10 62 \T1/lmr/m/sl/10 CHAPTER 9.  INTERACTION NETWORKS, FOOD WEBS, 
AND COMPLEXITY IN ECOLOGY (DAY 4)
 []

[62]

LaTeX Warning: File `_main_files/figure-latex/unnamed-chunk-36-7.pdf' not found
 on input line 2287.


! Package pdftex.def Error: File `_main_files/figure-latex/unnamed-chunk-36-7.p
df' not found: using draft setting.

See the pdftex.def package documentation for explanation.
Type  H <return>  for immediate help.
 ...                                              
                                                  
l.2287 ...les/figure-latex/unnamed-chunk-36-7.pdf}
                                                  
Try typing  <return>  to proceed.
If that doesn't work, type  X <return>  to quit.


LaTeX Warning: File `_main_files/figure-latex/unnamed-chunk-36-8.pdf' not found
 on input line 2294.


! Package pdftex.def Error: File `_main_files/figure-latex/unnamed-chunk-36-8.p
df' not found: using draft setting.

See the pdftex.def package documentation for explanation.
Type  H <return>  for immediate help.
 ...                                              
                                                  
l.2294 ...les/figure-latex/unnamed-chunk-36-8.pdf}
                                                  
Try typing  <return>  to proceed.
If that doesn't work, type  X <return>  to quit.


LaTeX Warning: File `_main_files/figure-latex/unnamed-chunk-36-9.pdf' not found
 on input line 2316.


! Package pdftex.def Error: File `_main_files/figure-latex/unnamed-chunk-36-9.p
df' not found: using draft setting.

See the pdftex.def package documentation for explanation.
Type  H <return>  for immediate help.
 ...                                              
                                                  
l.2316 ...les/figure-latex/unnamed-chunk-36-9.pdf}
                                                  
Try typing  <return>  to proceed.
If that doesn't work, type  X <return>  to quit.


Overfull \vbox (1.26332pt too high) detected at line 2336
 []

[63]

LaTeX Warning: File `_main_files/figure-latex/unnamed-chunk-37-1.pdf' not found
 on input line 2338.


! Package pdftex.def Error: File `_main_files/figure-latex/unnamed-chunk-37-1.p
df' not found: using draft setting.

See the pdftex.def package documentation for explanation.
Type  H <return>  for immediate help.
 ...                                              
                                                  
l.2338 ...les/figure-latex/unnamed-chunk-37-1.pdf}
                                                  
Try typing  <return>  to proceed.
If that doesn't work, type  X <return>  to quit.


LaTeX Warning: File `_main_files/figure-latex/unnamed-chunk-37-2.pdf' not found
 on input line 2346.


! Package pdftex.def Error: File `_main_files/figure-latex/unnamed-chunk-37-2.p
df' not found: using draft setting.

See the pdftex.def package documentation for explanation.
Type  H <return>  for immediate help.
 ...                                              
                                                  
l.2346 ...les/figure-latex/unnamed-chunk-37-2.pdf}
                                                  
Try typing  <return>  to proceed.
If that doesn't work, type  X <return>  to quit.


LaTeX Warning: File `_main_files/figure-latex/unnamed-chunk-37-3.pdf' not found
 on input line 2354.


! Package pdftex.def Error: File `_main_files/figure-latex/unnamed-chunk-37-3.p
df' not found: using draft setting.

See the pdftex.def package documentation for explanation.
Type  H <return>  for immediate help.
 ...                                              
                                                  
l.2354 ...les/figure-latex/unnamed-chunk-37-3.pdf}
                                                  
Try typing  <return>  to proceed.
If that doesn't work, type  X <return>  to quit.


Overfull \hbox (138.57928pt too wide) has occurred while \output is active
\T1/lmr/m/n/10 64 \T1/lmr/m/sl/10 CHAPTER 9.  INTERACTION NETWORKS, FOOD WEBS, 
AND COMPLEXITY IN ECOLOGY (DAY 4)
 []

[64]

LaTeX Warning: File `_main_files/figure-latex/unnamed-chunk-38-1.pdf' not found
 on input line 2378.


! Package pdftex.def Error: File `_main_files/figure-latex/unnamed-chunk-38-1.p
df' not found: using draft setting.

See the pdftex.def package documentation for explanation.
Type  H <return>  for immediate help.
 ...                                              
                                                  
l.2378 ...les/figure-latex/unnamed-chunk-38-1.pdf}
                                                  
Try typing  <return>  to proceed.
If that doesn't work, type  X <return>  to quit.

[65]
Overfull \hbox (138.57928pt too wide) has occurred while \output is active
\T1/lmr/m/n/10 66 \T1/lmr/m/sl/10 CHAPTER 9.  INTERACTION NETWORKS, FOOD WEBS, 
AND COMPLEXITY IN ECOLOGY (DAY 4)
 []

[66] (./_main.bbl [67]
Overfull \hbox (138.57928pt too wide) has occurred while \output is active
\T1/lmr/m/n/10 68 \T1/lmr/m/sl/10 CHAPTER 9.  INTERACTION NETWORKS, FOOD WEBS, 
AND COMPLEXITY IN ECOLOGY (DAY 4)
 []

[68

]) [69] (./_main.aux) ) 
Here is how much of TeX's memory you used:
 16410 strings out of 476025
 311171 string characters out of 5790017
 1903388 words of memory out of 5000000
 36088 multiletter control sequences out of 15000+600000
 603028 words of font info for 199 fonts, out of 8000000 for 9000
 1141 hyphenation exceptions out of 8191
 77i,15n,81p,1002b,722s stack positions out of 10000i,1000n,20000p,200000b,200000s
</usr/local/texlive/2023/texmf-dist/fonts/type1/public/l
m/lmbx10.pfb></usr/local/texlive/2023/texmf-dist/fonts/type1/public/lm/lmbx12.p
fb></usr/local/texlive/2023/texmf-dist/fonts/type1/public/lm/lmbxi10.pfb></usr/
local/texlive/2023/texmf-dist/fonts/type1/public/lm/lmex10.pfb></usr/local/texl
ive/2023/texmf-dist/fonts/type1/public/lm/lmmi10.pfb></usr/local/texlive/2023/t
exmf-dist/fonts/type1/public/lm/lmmi7.pfb></usr/local/texlive/2023/texmf-dist/f
onts/type1/public/lm/lmr10.pfb></usr/local/texlive/2023/texmf-dist/fonts/type1/
public/lm/lmr12.pfb></usr/local/texlive/2023/texmf-dist/fonts/type1/public/lm/l
mr17.pfb></usr/local/texlive/2023/texmf-dist/fonts/type1/public/lm/lmr6.pfb></u
sr/local/texlive/2023/texmf-dist/fonts/type1/public/lm/lmr7.pfb></usr/local/tex
live/2023/texmf-dist/fonts/type1/public/lm/lmr8.pfb></usr/local/texlive/2023/te
xmf-dist/fonts/type1/public/lm/lmri10.pfb></usr/local/texlive/2023/texmf-dist/f
onts/type1/public/lm/lmro10.pfb></usr/local/texlive/2023/texmf-dist/fonts/type1
/public/lm/lmsy10.pfb></usr/local/texlive/2023/texmf-dist/fonts/type1/public/lm
/lmsy5.pfb></usr/local/texlive/2023/texmf-dist/fonts/type1/public/lm/lmsy7.pfb>
</usr/local/texlive/2023/texmf-dist/fonts/type1/public/lm/lmtk10.pfb></usr/loca
l/texlive/2023/texmf-dist/fonts/type1/public/lm/lmtko10.pfb></usr/local/texlive
/2023/texmf-dist/fonts/type1/public/lm/lmtt10.pfb></usr/local/texlive/2023/texm
f-dist/fonts/type1/public/lm/lmtti10.pfb>
Output written on _main.pdf (69 pages, 936716 bytes).
PDF statistics:
 796 PDF objects out of 1000 (max. 8388607)
 665 compressed objects within 7 object streams
 181 named destinations out of 1000 (max. 500000)
 49532 words of extra memory for PDF output out of 51595 (max. 10000000)

